<?xml version="1.0" encoding="utf-8"?><testsuites name="pytest tests"><testsuite name="pytest" errors="0" failures="0" skipped="0" tests="12" time="19.621" timestamp="2026-07-31T18:19:48.446162+00:00" hostname="agent-env-a395830c-7bb9-436c-a895-a4a731bca4de"><testcase classname="tests.test_use_data_iter12_addendum" name="test_demo_identity_login[demo.master_admin@demo.rms.example.com-demo-master-admin-pw-master_admin]" time="0.514" /><testcase classname="tests.test_use_data_iter12_addendum" name="test_demo_identity_login[demo.dpo@demo.rms.example.com-demo-dpo-pw-dpo]" time="0.416" /><testcase classname="tests.test_use_data_iter12_addendum" name="test_demo_identity_login[demo.operator@demo.rms.example.com-demo-operator-pw-operator]" time="0.413" /><testcase classname="tests.test_use_data_iter12_addendum" name="test_demo_identity_login[demo.analyst@demo.rms.example.com-demo-analyst-pw-ask_console_user]" time="0.420" /><testcase classname="tests.test_use_data_iter12_addendum" name="test_sessions_envelope_has_one_sample_each[demo.master_admin@demo.rms.example.com-demo-master-admin-pw-master_admin]" time="0.434" /><testcase classname="tests.test_use_data_iter12_addendum" name="test_sessions_envelope_has_one_sample_each[demo.dpo@demo.rms.example.com-demo-dpo-pw-dpo]" time="0.415" /><testcase classname="tests.test_use_data_iter12_addendum" name="test_sessions_envelope_has_one_sample_each[demo.operator@demo.rms.example.com-demo-operator-pw-operator]" time="0.417" /><testcase classname="tests.test_use_data_iter12_addendum" name="test_sessions_envelope_has_one_sample_each[demo.analyst@demo.rms.example.com-demo-analyst-pw-ask_console_user]" time="0.443" /><testcase classname="tests.test_use_data_iter12_addendum" name="test_sample_session_get_carries_top_level_is_sample_flag" time="0.652" /><testcase classname="tests.test_use_data_iter12_addendum" name="test_cross_operator_scoping" time="1.037" /><testcase classname="tests.test_use_data_iter12_addendum" name="test_new_session_survives_backend_restart" time="11.694" /><testcase classname="tests.test_use_data_iter12_addendum" name="test_sample_doc_count_is_exactly_8" time="2.714" /></testsuite></testsuites>