<?xml version="1.0" encoding="utf-8"?><testsuites name="pytest tests"><testsuite name="pytest" errors="0" failures="0" skipped="0" tests="6" time="2.211" timestamp="2026-07-31T21:42:41.632803+00:00" hostname="agent-env-a395830c-7bb9-436c-a895-a4a731bca4de"><testcase classname="tests.test_govern_ui1b_iter16" name="test_readyz_parity_36" time="0.256" /><testcase classname="tests.test_govern_ui1b_iter16" name="test_dpo_holds_list_has_held_sessions" time="0.423" /><testcase classname="tests.test_govern_ui1b_iter16" name="test_dpo_can_read_held_session_envelope" time="0.518" /><testcase classname="tests.test_govern_ui1b_iter16" name="test_analyst_denied_on_held_session_read" time="0.433" /><testcase classname="tests.test_govern_ui1b_iter16" name="test_dpo_use_data_sessions_excludes_held" time="0.099" /><testcase classname="tests.test_govern_ui1b_iter16" name="test_admin_can_read_held_session" time="0.425" /></testsuite></testsuites>