<?xml version="1.0" encoding="utf-8"?><testsuites name="pytest tests"><testsuite name="pytest" errors="0" failures="0" skipped="0" tests="10" time="3.253" timestamp="2026-07-31T21:30:38.825241+00:00" hostname="agent-env-a395830c-7bb9-436c-a895-a4a731bca4de"><testcase classname="tests.test_govern_ui1b_iter15.TestParity" name="test_parity_still_36" time="0.298" /><testcase classname="tests.test_govern_ui1b_iter15.TestTrustCenter" name="test_trust_center_record_as_dpo" time="0.439" /><testcase classname="tests.test_govern_ui1b_iter15.TestTrustCenter" name="test_enforcement_class_split" time="0.094" /><testcase classname="tests.test_govern_ui1b_iter15.TestEstateRules" name="test_estate_rules_record_has_soed" time="0.117" /><testcase classname="tests.test_govern_ui1b_iter15.TestRegistries" name="test_additions_diff_and_commit" time="0.315" /><testcase classname="tests.test_govern_ui1b_iter15.TestRegistries" name="test_removal_requires_approval" time="0.524" /><testcase classname="tests.test_govern_ui1b_iter15.TestChangeRuleCeremony" name="test_dpo_can_initiate_change_but_not_cancel" time="0.734" /><testcase classname="tests.test_govern_ui1b_iter15.TestHolds" name="test_dpo_sees_held_sample_session" time="0.097" /><testcase classname="tests.test_govern_ui1b_iter15.TestAuthScope" name="test_analyst_denied_trust_center" time="0.449" /><testcase classname="tests.test_govern_ui1b_iter15.TestAuthScope" name="test_analyst_denied_holds" time="0.111" /></testsuite></testsuites>