<?xml version="1.0" encoding="utf-8"?><testsuites name="pytest tests"><testsuite name="pytest" errors="0" failures="2" skipped="0" tests="14" time="2.678" timestamp="2026-07-31T17:50:45.229568+00:00" hostname="agent-env-a395830c-7bb9-436c-a895-a4a731bca4de"><testcase classname="tests.test_use_data_http_iter11" name="test_readyz_parity_36" time="0.164" /><testcase classname="tests.test_use_data_http_iter11" name="test_build_info_parity_36" time="0.100" /><testcase classname="tests.test_use_data_http_iter11" name="test_ceiling_get_returns_1000_usd" time="0.425" /><testcase classname="tests.test_use_data_http_iter11" name="test_ceiling_write_refused_change_a_rule_only" time="0.098" /><testcase classname="tests.test_use_data_http_iter11" name="test_session_create_valid_doors[integrate_an_app]" time="0.100" /><testcase classname="tests.test_use_data_http_iter11" name="test_session_create_valid_doors[export_or_license]" time="0.119" /><testcase classname="tests.test_use_data_http_iter11" name="test_session_create_valid_doors[train_a_model]" time="0.097" /><testcase classname="tests.test_use_data_http_iter11" name="test_session_create_invalid_door_rejected" time="0.111" /><testcase classname="tests.test_use_data_http_iter11" name="test_commit_all_pass_runs_now" time="0.211"><failure message="assert False&#10; +  where False = all(&lt;generator object test_commit_all_pass_runs_now.&lt;locals&gt;.&lt;genexpr&gt; at 0xfbe5f2412500&gt;)">tests/test_use_data_http_iter11.py:123: in test_commit_all_pass_runs_now
    assert all(c.get("passed") is True for c in checks)
E   assert False
E    +  where False = all(&lt;generator object test_commit_all_pass_runs_now.&lt;locals&gt;.&lt;genexpr&gt; at 0xfbe5f2412500&gt;)</failure></testcase><testcase classname="tests.test_use_data_http_iter11" name="test_commit_rights_null_absolute_no_route" time="0.200" /><testcase classname="tests.test_use_data_http_iter11" name="test_commit_class_d_unresolvable_absolute_no_route" time="0.186" /><testcase classname="tests.test_use_data_http_iter11" name="test_commit_privacy_floor_missing_escalatable" time="0.202" /><testcase classname="tests.test_use_data_http_iter11" name="test_commit_over_ceiling_held_for_check" time="0.354"><failure message="assert None is True&#10; +  where None = &lt;built-in method get of dict object at 0xfbe5f24aa040&gt;('dpo_countersign_required')&#10; +    where &lt;built-in method get of dict object at 0xfbe5f24aa040&gt; = {'auto_run_ceiling': {'at_or_under': False, 'ceiling_usd': 1000.0, 'dpo_countersign_required': True, 'proposed_spend_usd': 2500.0}, 'checks': [{'check': 'rights_compatibility', 'detail': None, 'plain_language_summary': &quot;Rights posture 'internal_only' is compatible with the declared scope.&quot;, 'status': 'passed'}, {'check': 'privacy_floor', 'detail': None, 'plain_language_summary': &quot;Privacy floor 'k&gt;=10' declared and honoured.&quot;, 'status': 'passed'}, {'check': 'pii_posture', 'detail': None, 'plain_language_summary': &quot;PII posture 'pseudonymized' declared; Class D resolvable.&quot;, 'status': 'passed'}, {'check': 'budget_ceiling', 'detail': None, 'plain_language_summary': 'Proposed budget $2,500.00 within limits.', 'status': 'passed'}, {'check': 'scope_resolvability', 'detail': None, 'plain_language_summary': 'All 1 scope source(s) Connected + censused.', 'status': 'passed'}], 'issued_at_iso': '2026-07-31T17:50:47.534409Z', 'outcome': 'held_for_check', ...}.get">tests/test_use_data_http_iter11.py:172: in test_commit_over_ceiling_held_for_check
    assert verdict.get("dpo_countersign_required") is True
E   assert None is True
E    +  where None = &lt;built-in method get of dict object at 0xfbe5f24aa040&gt;('dpo_countersign_required')
E    +    where &lt;built-in method get of dict object at 0xfbe5f24aa040&gt; = {'auto_run_ceiling': {'at_or_under': False, 'ceiling_usd': 1000.0, 'dpo_countersign_required': True, 'proposed_spend_usd': 2500.0}, 'checks': [{'check': 'rights_compatibility', 'detail': None, 'plain_language_summary': "Rights posture 'internal_only' is compatible with the declared scope.", 'status': 'passed'}, {'check': 'privacy_floor', 'detail': None, 'plain_language_summary': "Privacy floor 'k&gt;=10' declared and honoured.", 'status': 'passed'}, {'check': 'pii_posture', 'detail': None, 'plain_language_summary': "PII posture 'pseudonymized' declared; Class D resolvable.", 'status': 'passed'}, {'check': 'budget_ceiling', 'detail': None, 'plain_language_summary': 'Proposed budget $2,500.00 within limits.', 'status': 'passed'}, {'check': 'scope_resolvability', 'detail': None, 'plain_language_summary': 'All 1 scope source(s) Connected + censused.', 'status': 'passed'}], 'issued_at_iso': '2026-07-31T17:50:47.534409Z', 'outcome': 'held_for_check', ...}.get</failure></testcase><testcase classname="tests.test_use_data_http_iter11" name="test_anonymous_read_session_401" time="0.217" /></testsuite></testsuites>