<?xml version="1.0" encoding="utf-8"?><testsuites name="pytest tests"><testsuite name="pytest" errors="0" failures="0" skipped="1" tests="1422" time="52.251" timestamp="2026-07-31T03:03:42.696308+00:00" hostname="agent-env-a395830c-7bb9-436c-a895-a4a731bca4de"><testcase classname="tests.invariants.test_8_ext" name="test_ee_g1_external_engineer_role_present_in_literal" time="0.006" /><testcase classname="tests.invariants.test_8_ext" name="test_ee_g2_external_cannot_read_foreign_apps" time="0.005" /><testcase classname="tests.invariants.test_8_ext" name="test_ee_g2_external_can_read_own_apps" time="0.002" /><testcase classname="tests.invariants.test_8_ext" name="test_ee_g2_external_cannot_create_grant_for_foreign_grantee" time="0.003" /><testcase classname="tests.invariants.test_8_ext" name="test_ee_g2_external_can_create_grant_for_self" time="0.003" /><testcase classname="tests.invariants.test_8_ext" name="test_ee_g3_external_cannot_reach_admin_or_fleet_routes[/api/master_admin/audit_trail-get]" time="0.002" /><testcase classname="tests.invariants.test_8_ext" name="test_ee_g3_external_cannot_reach_admin_or_fleet_routes[/api/master_admin/tightening/suspend-post]" time="0.001" /><testcase classname="tests.invariants.test_8_ext" name="test_ee_g3_external_cannot_reach_admin_or_fleet_routes[/api/compliance/disclosure_thresholds-post]" time="0.001" /><testcase classname="tests.invariants.test_8_ext" name="test_ee_g3_external_cannot_reach_admin_or_fleet_routes[/api/checker/pending-get]" time="0.002" /><testcase classname="tests.invariants.test_8_ext" name="test_ee_g4_invite_endpoint_requires_internal_engineer" time="0.001" /><testcase classname="tests.invariants.test_8_ext" name="test_ee_g4_invite_endpoint_happy" time="0.002" /><testcase classname="tests.invariants.test_8_ext" name="test_ee_g4_approve_flow_emits_onboarding_ledger_and_mints_jwt" time="0.003" /><testcase classname="tests.invariants.test_8_ext" name="test_ee_g4_approve_idempotent_replay_returns_404" time="0.004" /><testcase classname="tests.invariants.test_8_ext" name="test_engineer_router_has_no_inline_owner_comparisons" time="0.001" /><testcase classname="tests.invariants.test_8_ext" name="test_v1_g7_attestation_28_contracts_byte_identical_at_8_ext_close" time="0.001" /><testcase classname="tests.invariants.test_8_ext" name="test_no_http_409_in_8_ext_new_files" time="0.001" /><testcase classname="tests.invariants.test_8_ext" name="test_approval_mints_standard_access_jwt_no_new_class" time="0.003" /><testcase classname="tests.invariants.test_8_ext" name="test_data_class_registry_v3_landed_additive_from_v2" time="0.001" /><testcase classname="tests.invariants.test_8_ext" name="test_deletion_ledger_loader_repointed_to_v3" time="0.001" /><testcase classname="tests.invariants.test_8_ext" name="test_auth_refusal_registry_still_closed_at_four_codes" time="0.001" /><testcase classname="tests.invariants.test_9_2a_purge_ast_gate" name="test_9_2a_g5_no_long_lived_audio_reference_by_grep" time="0.000" /><testcase classname="tests.invariants.test_9_2a_purge_ast_gate" name="test_9_2a_g5_no_module_level_audio_constants_by_ast" time="0.002" /><testcase classname="tests.invariants.test_9_2a_purge_ast_gate" name="test_9_2a_g5_audio_read_scopes_terminate_with_purge_attestation_ast" time="0.002" /><testcase classname="tests.invariants.test_9_2a_purge_ast_gate" name="test_9_2a_g5_read_handle_bytes_returns_only_bytes_no_leak_ast" time="0.002" /><testcase classname="tests.invariants.test_9_2a_real_perception" name="test_9_2a_g1_models_registry_v0_seeded_with_whisper_tiny" time="0.000" /><testcase classname="tests.invariants.test_9_2a_real_perception" name="test_9_2a_g1_attest_model_returns_entry_for_registered" time="0.000" /><testcase classname="tests.invariants.test_9_2a_real_perception" name="test_9_2a_g1_attest_model_hard_fails_on_unknown" time="0.000" /><testcase classname="tests.invariants.test_9_2a_real_perception" name="test_9_2a_g1_register_model_additive_bump" time="0.003" /><testcase classname="tests.invariants.test_9_2a_real_perception" name="test_9_2a_g1_provenance_superset_workers_use_only_registered_model_id" time="0.000" /><testcase classname="tests.invariants.test_9_2a_real_perception" name="test_9_2a_g2_cuda_runtime_import_time_reads_env_var" time="0.000" /><testcase classname="tests.invariants.test_9_2a_real_perception" name="test_9_2a_g2_env_var_unset_raises_import_error" time="0.001" /><testcase classname="tests.invariants.test_9_2a_real_perception" name="test_9_2a_g2_env_var_invalid_raises_import_error" time="0.001" /><testcase classname="tests.invariants.test_9_2a_real_perception" name="test_9_2a_g3_execution_mode_payload_present" time="0.000" /><testcase classname="tests.invariants.test_9_2a_real_perception" name="test_9_2a_g3_annotate_result_adds_execution_mode" time="0.000" /><testcase classname="tests.invariants.test_9_2a_real_perception" name="test_9_2a_g3_annotate_result_applies_to_stub_and_real_paths" time="0.880" /><testcase classname="tests.invariants.test_9_2a_real_perception" name="test_9_2a_g4_discriminator_verification_stub_emits_zero_units_on_fixture_audio" time="0.000" /><testcase classname="tests.invariants.test_9_2a_real_perception" name="test_9_2a_g4_p9_e7_rider_sm_g1_against_real_perception_asr" time="0.654" /><testcase classname="tests.invariants.test_9_2a_real_perception" name="test_9_2a_g4_p9_e7_rider_diarization_symmetry" time="0.169" /><testcase classname="tests.invariants.test_9_2a_real_perception" name="test_9_2a_g4_discriminator_selection_documented_at_close" time="0.640" /><testcase classname="tests.invariants.test_9_2a_real_perception" name="test_v1_g1_real_worker_e2e_asr" time="0.616" /><testcase classname="tests.invariants.test_9_2a_real_perception" name="test_v1_g1_real_worker_e2e_diarization" time="0.144" /><testcase classname="tests.invariants.test_9_2a_real_perception" name="test_v1_g2_real_worker_kill_and_restart_no_duplicate_units" time="1.246" /><testcase classname="tests.invariants.test_9_2a_real_perception" name="test_v1_g3_real_worker_raw_purge_attested_per_job" time="0.613" /><testcase classname="tests.invariants.test_9_2a_real_perception" name="test_v1_g4_real_intake_rejects_invalid_units" time="0.000" /><testcase classname="tests.invariants.test_9_2a_real_perception" name="test_v1_g5_real_worker_never_writes_ledger_extended_ast" time="0.001" /><testcase classname="tests.invariants.test_9_2a_real_perception" name="test_v1_g6_real_worker_telemetry_fields_present_per_job" time="0.599" /><testcase classname="tests.invariants.test_9_2a_real_perception" name="test_v1_g7_attestation_parity_31_at_9_2a_close" time="0.000" /><testcase classname="tests.invariants.test_9_2a_real_perception" name="test_auth_refusal_registry_still_closed_at_four_codes_at_9_2a_close" time="0.000" /><testcase classname="tests.invariants.test_9_2a_real_perception" name="test_no_http_409_in_9_2a_new_files" time="0.000" /><testcase classname="tests.invariants.test_admission_refusal_dispatch" name="test_admission_refusal_reason_registry_governs_validity" time="0.000" /><testcase classname="tests.invariants.test_admission_refusal_dispatch" name="test_admission_refusal_reason_extension_via_registry_bump" time="0.001" /><testcase classname="tests.invariants.test_admission_refusal_dispatch" name="test_admission_refusal_form_not_offerable_fires_on_output_form_model" time="0.001" /><testcase classname="tests.invariants.test_admission_refusal_dispatch" name="test_admission_refusal_actor_appropriate_string" time="0.001" /><testcase classname="tests.invariants.test_admission_refusal_dispatch" name="test_admission_refusal_family_consistent_with_service_1_refusal" time="0.007" /><testcase classname="tests.invariants.test_admission_refusal_dispatch" name="test_v2_dispatch_placeholder_replaced_by_admission_refusal_for_form_model" time="0.002" /><testcase classname="tests.invariants.test_admission_refusal_dispatch" name="test_placeholder_vs_refusal_separation_still_green" time="0.004" /><testcase classname="tests.invariants.test_admission_refusal_dispatch" name="test_service_1_refusal_v0_untouched" time="0.000" /><testcase classname="tests.invariants.test_admission_refusal_dispatch" name="test_admission_refusal_contract_docstring_states_extension_path" time="0.000" /><testcase classname="tests.invariants.test_admission_refusal_dispatch" name="test_admission_refusal_reason_pattern_snake_case" time="0.000" /><testcase classname="tests.invariants.test_admission_refusal_v0_contract_frozen" name="test_admission_refusal_v0_contract_frozen" time="0.001" /><testcase classname="tests.invariants.test_answer_fluency_af_g1_to_g8" name="test_af_g1_mechanical_composer_byte_identical_to_golden" time="0.000" /><testcase classname="tests.invariants.test_answer_fluency_af_g1_to_g8" name="test_af_g2a_foreign_unit_id_triggers_reject" time="0.000" /><testcase classname="tests.invariants.test_answer_fluency_af_g1_to_g8" name="test_af_g2b_uncovered_sentence_triggers_reject" time="0.000" /><testcase classname="tests.invariants.test_answer_fluency_af_g1_to_g8" name="test_af_g2c_unverified_numeral_triggers_reject" time="0.000" /><testcase classname="tests.invariants.test_answer_fluency_af_g1_to_g8" name="test_af_g2d_any_failure_full_response_falls_to_mechanical" time="0.000" /><testcase classname="tests.invariants.test_answer_fluency_af_g1_to_g8" name="test_af_g3a_missing_llm_key_fails_loud_503" time="0.001" /><testcase classname="tests.invariants.test_answer_fluency_af_g1_to_g8" name="test_af_g3b_runtime_transient_degrades_to_mechanical_arm" time="0.000" /><testcase classname="tests.invariants.test_answer_fluency_af_g1_to_g8" name="test_af_g3c_never_refusal_envelope_on_runtime_transient" time="0.000" /><testcase classname="tests.invariants.test_answer_fluency_af_g1_to_g8" name="test_af_g4_composed_conclusion_snapshot_byte_identical_parity_31" time="0.001" /><testcase classname="tests.invariants.test_answer_fluency_af_g1_to_g8" name="test_af_g5_fluency_mode_telemetry_sidecar_shape" time="0.000" /><testcase classname="tests.invariants.test_answer_fluency_af_g1_to_g8" name="test_af_g6b_answer_grounding_no_semantic_scoring_ast" time="0.001" /><testcase classname="tests.invariants.test_answer_fluency_af_g1_to_g8" name="test_af_g7_grounding_reject_falls_through_not_refusal" time="0.000" /><testcase classname="tests.invariants.test_answer_fluency_af_g1_to_g8" name="test_af_g8_prompt_template_data_blind_no_residues" time="0.000" /><testcase classname="tests.invariants.test_artifact_store" name="test_as_g1_adapter_three_ops_present_with_signatures" time="0.001" /><testcase classname="tests.invariants.test_artifact_store" name="test_as_g1_put_once_rejects_second_write_to_same_key" time="0.001" /><testcase classname="tests.invariants.test_artifact_store" name="test_as_g1_build_key_enforces_shape_and_whitelist" time="0.000" /><testcase classname="tests.invariants.test_artifact_store" name="test_as_g2_atomic_write_happy_path_zero_orphans" time="0.001" /><testcase classname="tests.invariants.test_artifact_store" name="test_as_g2_atomic_write_step_2_sha_mismatch_wipes_all" time="0.001" /><testcase classname="tests.invariants.test_artifact_store" name="test_as_g3_orphan_artifact_scan_zero_on_well_formed_store" time="0.001" /><testcase classname="tests.invariants.test_artifact_store" name="test_as_g3_orphan_scan_is_read_only_never_deletes" time="0.001" /><testcase classname="tests.invariants.test_artifact_store" name="test_as_g3_e2_interplay_in_flight_tmp_not_classified_as_orphan" time="0.001" /><testcase classname="tests.invariants.test_artifact_store" name="test_as_g4_download_wrong_key_returns_403_access_class" time="0.002" /><testcase classname="tests.invariants.test_artifact_store" name="test_as_g4_download_correct_scope_returns_bytes_and_receipt_verifiable" time="0.002" /><testcase classname="tests.invariants.test_artifact_store" name="test_as_g4_download_missing_auth_returns_401_auth_missing" time="0.001" /><testcase classname="tests.invariants.test_artifact_store" name="test_as_g5_step_5_crash_reconciles_to_zero_orphans" time="0.001" /><testcase classname="tests.invariants.test_artifact_store" name="test_as_g5_step_6_crash_reconciles_via_sweep_to_zero_orphans" time="0.001" /><testcase classname="tests.invariants.test_artifact_store" name="test_as_g6_get_raw_has_no_external_callers" time="0.415" /><testcase classname="tests.invariants.test_artifact_store" name="test_v1_g7_attestation_parity_29_byte_identical_at_artifact_store_close" time="0.001" /><testcase classname="tests.invariants.test_artifact_store" name="test_outer_gate_receipt_v0_byte_identical_at_artifact_store_close" time="0.001" /><testcase classname="tests.invariants.test_artifact_store" name="test_outer_gate_receipt_v0_snapshot_byte_identical_at_artifact_store_close" time="0.001" /><testcase classname="tests.invariants.test_artifact_store" name="test_outer_gate_receipt_v1_additive_from_v0" time="0.004" /><testcase classname="tests.invariants.test_artifact_store" name="test_auth_refusal_registry_still_closed_at_four_codes" time="0.001" /><testcase classname="tests.invariants.test_artifact_store" name="test_no_http_409_in_artifact_store_new_files" time="0.001" /><testcase classname="tests.invariants.test_artifact_store" name="test_as_h1_no_delete_handler_on_artifact_store_router" time="0.001" /><testcase classname="tests.invariants.test_ast_egress_gate" name="test_ast_egress_gate_no_direct_llm_imports_outside_shield" time="0.186" /><testcase classname="tests.invariants.test_ast_egress_gate" name="test_ast_egress_gate_config_is_positive_list" time="0.000" /><testcase classname="tests.invariants.test_backfilled_contract_snapshots" name="test_extraction_params_contract_frozen" time="0.001" /><testcase classname="tests.invariants.test_backfilled_contract_snapshots" name="test_signal_ring_contract_frozen" time="0.000" /><testcase classname="tests.invariants.test_backfilled_contract_snapshots" name="test_qualification_matrix_contract_frozen" time="0.001" /><testcase classname="tests.invariants.test_census_dimensions" name="test_cd_g1_registries_seed_empty_at_v0" time="0.000" /><testcase classname="tests.invariants.test_census_dimensions" name="test_cd_g1_three_op_sidecar_signatures_present" time="0.000" /><testcase classname="tests.invariants.test_census_dimensions" name="test_cd_g2_contradiction_value_present_source_null" time="0.000" /><testcase classname="tests.invariants.test_census_dimensions" name="test_cd_g2_contradiction_value_null_source_present" time="0.000" /><testcase classname="tests.invariants.test_census_dimensions" name="test_cd_g2_contradiction_both_absent_accepted" time="0.000" /><testcase classname="tests.invariants.test_census_dimensions" name="test_cd_g2_contradiction_both_present_accepted" time="0.000" /><testcase classname="tests.invariants.test_census_dimensions" name="test_cd_g2_contradiction_applies_to_both_dimension_pairs" time="0.000" /><testcase classname="tests.invariants.test_census_dimensions" name="test_cd_g2_source_literal_closed_at_two" time="0.000" /><testcase classname="tests.invariants.test_census_dimensions" name="test_cd_g4_census_observed_novel_value_registers_and_writes" time="0.001" /><testcase classname="tests.invariants.test_census_dimensions" name="test_cd_g4_manifest_declared_novel_value_hard_fails" time="0.001" /><testcase classname="tests.invariants.test_census_dimensions" name="test_cd_g4_register_observation_idempotent_by_value" time="0.001" /><testcase classname="tests.invariants.test_census_dimensions" name="test_cd_g4_registry_history_is_audit_trail" time="0.001" /><testcase classname="tests.invariants.test_census_dimensions" name="test_cd_g4_e2e_record_census_dimension_registers_and_persists" time="0.021" /><testcase classname="tests.invariants.test_census_dimensions" name="test_cd_g4_e2e_manifest_declared_novel_hard_fails" time="0.020" /><testcase classname="tests.invariants.test_census_dimensions" name="test_cd_g4_e2e_manifest_declared_existing_value_writes" time="0.019" /><testcase classname="tests.invariants.test_census_dimensions" name="test_v1_g7_attestation_parity_31_at_census_dimensions_close" time="0.000" /><testcase classname="tests.invariants.test_census_dimensions" name="test_auth_refusal_registry_still_closed_at_four_codes_at_cd_close" time="0.000" /><testcase classname="tests.invariants.test_census_dimensions" name="test_no_http_409_in_census_dimensions_new_files" time="0.000" /><testcase classname="tests.invariants.test_census_dimensions_ast_gate" name="test_cd_g3_no_hardcoded_dimension_values_in_production_paths" time="0.168" /><testcase classname="tests.invariants.test_census_dimensions_ast_gate" name="test_cd_g3_no_direct_mongo_write_bypasses_service" time="0.206" /><testcase classname="tests.invariants.test_census_dimensions_wire_shape" name="test_cd_e4_five_governance_key_fields_pinned_by_name" time="0.000" /><testcase classname="tests.invariants.test_census_dimensions_wire_shape" name="test_cd_e4_pinned_fields_required_flag" time="0.000" /><testcase classname="tests.invariants.test_census_dimensions_wire_shape" name="test_cd_e4_source_fields_are_optional_literal_of_two" time="0.000" /><testcase classname="tests.invariants.test_census_dimensions_wire_shape" name="test_cd_e4_tolerance_additive_fields_do_not_reject_gate" time="0.000" /><testcase classname="tests.invariants.test_census_dimensions_wire_shape" name="test_cd_e4_pinned_fields_type_annotations_stable" time="0.000" /><testcase classname="tests.invariants.test_commercial_cut_man_g1" name="test_no_commercial_symbol_in_extractor_tree[BuyerStateMachine]" time="0.098" /><testcase classname="tests.invariants.test_commercial_cut_man_g1" name="test_no_commercial_symbol_in_extractor_tree[new_buyer_session]" time="0.098" /><testcase classname="tests.invariants.test_commercial_cut_man_g1" name="test_no_commercial_symbol_in_extractor_tree[summarise_dual_deltas]" time="0.097" /><testcase classname="tests.invariants.test_commercial_cut_man_g1" name="test_no_commercial_symbol_in_extractor_tree[compose_objective_request_from_frozen_state_with_proposals]" time="0.097" /><testcase classname="tests.invariants.test_commercial_cut_man_g1" name="test_no_commercial_symbol_in_extractor_tree[evaluate_dual_delta]" time="0.096" /><testcase classname="tests.invariants.test_commercial_cut_man_g1" name="test_no_commercial_symbol_in_extractor_tree[SonnetWizardAgent]" time="0.098" /><testcase classname="tests.invariants.test_commercial_cut_man_g1" name="test_no_commercial_symbol_in_extractor_tree[_sonnet_invoke]" time="0.097" /><testcase classname="tests.invariants.test_commercial_cut_man_g1" name="test_no_commercial_symbol_in_extractor_tree[BuyerShapePage]" time="0.097" /><testcase classname="tests.invariants.test_commercial_cut_man_g1" name="test_no_commercial_symbol_in_extractor_tree[BuyerAcquirePage]" time="0.097" /><testcase classname="tests.invariants.test_commercial_cut_man_g1" name="test_no_commercial_symbol_in_extractor_tree[BuyerReceivePage]" time="0.097" /><testcase classname="tests.invariants.test_commercial_cut_man_g1" name="test_no_commercial_symbol_in_extractor_tree[wizardBuyerStart]" time="0.097" /><testcase classname="tests.invariants.test_commercial_cut_man_g1" name="test_no_commercial_symbol_in_extractor_tree[wizardBuyerTurn]" time="0.097" /><testcase classname="tests.invariants.test_commercial_cut_man_g1" name="test_no_commercial_symbol_in_extractor_tree[wizardBuyerPropose]" time="0.097" /><testcase classname="tests.invariants.test_commercial_cut_man_g1" name="test_no_commercial_symbol_in_extractor_tree[wizardBuyerCommitReview]" time="0.097" /><testcase classname="tests.invariants.test_commercial_cut_man_g1" name="test_no_commercial_symbol_in_extractor_tree[wizardBuyerFreeze]" time="0.097" /><testcase classname="tests.invariants.test_commercial_cut_man_g1" name="test_no_commercial_symbol_in_extractor_tree[wizardBuyerHandoff]" time="0.097" /><testcase classname="tests.invariants.test_commercial_cut_man_g1" name="test_no_commercial_symbol_in_extractor_tree[wizardBuyerGet]" time="0.097" /><testcase classname="tests.invariants.test_commercial_cut_man_g1" name="test_man_g1_symbol_list_covers_all_named_cut_targets" time="0.001" /><testcase classname="tests.invariants.test_composed_conclusion_class_from_solva_boundary" name="test_composed_conclusion_class_from_solva_boundary_only" time="0.025" /><testcase classname="tests.invariants.test_composed_conclusion_class_from_solva_boundary" name="test_composed_conclusion_imports_solva_conclusion_class_by_reference" time="0.002" /><testcase classname="tests.invariants.test_composed_conclusion_dispatch" name="test_composed_conclusion_grain_synthesized_whole_only" time="0.002" /><testcase classname="tests.invariants.test_composed_conclusion_dispatch" name="test_composed_conclusion_below_floor_returns_service_1_refusal_v0" time="0.004" /><testcase classname="tests.invariants.test_composed_conclusion_dispatch" name="test_composed_conclusion_composition_below_floor_at_fact_floor" time="0.002" /><testcase classname="tests.invariants.test_composed_conclusion_dispatch" name="test_composed_conclusion_below_floor_route_serialises_to_service_1_refusal_v0" time="0.003" /><testcase classname="tests.invariants.test_composed_conclusion_dispatch" name="test_composed_conclusion_load_bearing_retrievable_by_trace_id" time="0.007" /><testcase classname="tests.invariants.test_composed_conclusion_dispatch" name="test_composed_conclusion_live_path_returns_class_inline" time="0.004" /><testcase classname="tests.invariants.test_composed_conclusion_v0_contract_frozen" name="test_composed_conclusion_v0_contract_frozen" time="0.001" /><testcase classname="tests.invariants.test_composed_conclusion_v0_contract_frozen" name="test_composed_conclusion_snapshot_parity_at_18" time="0.000" /><testcase classname="tests.invariants.test_conclusion_class_signature" name="test_conclusion_class_signature_matches_snapshot" time="0.000" /><testcase classname="tests.invariants.test_conclusion_class_signature" name="test_conclusion_class_takes_no_confidence" time="0.000" /><testcase classname="tests.invariants.test_conclusion_class_signature" name="test_conclusion_class_returns_defensibility_class" time="0.000" /><testcase classname="tests.invariants.test_dispatch_grain_form_refusal" name="test_grain_compat_synthesized_whole_refused_at_qualified_data" time="0.001" /><testcase classname="tests.invariants.test_dispatch_grain_form_refusal" name="test_grain_compat_composed_conclusion_per_claim_refused" time="0.001" /><testcase classname="tests.invariants.test_dispatch_grain_form_refusal" name="test_grain_compat_per_claim_and_aggregated_pass_at_qualified_data" time="0.005" /><testcase classname="tests.invariants.test_dispatch_grain_form_refusal" name="test_grain_compat_composed_conclusion_synthesized_whole_bypasses_grain_gate" time="0.002" /><testcase classname="tests.invariants.test_dispatch_shape_responsive" name="test_dispatch_unknown_freshness_forks_fresh_never_warm" time="0.002" /><testcase classname="tests.invariants.test_dispatch_shape_responsive" name="test_dispatch_uses_shared_feasibility_and_floor_feasibility" time="0.002" /><testcase classname="tests.invariants.test_dispatch_shape_responsive" name="test_dispatch_placeholder_never_leaks_into_governed_refusal" time="0.001" /><testcase classname="tests.invariants.test_dispatch_shape_responsive" name="test_dispatch_never_branches_on_depth_enum" time="0.003" /><testcase classname="tests.invariants.test_dispatch_shape_responsive" name="test_positive_work_order_dispatch_routes_to_service_1_v0" time="0.000" /><testcase classname="tests.invariants.test_dispatch_shape_responsive" name="test_positive_external_request_warm_fork_populated_registry" time="0.003" /><testcase classname="tests.invariants.test_dispatch_shape_responsive" name="test_positive_external_request_fresh_fork_below_floor" time="0.004" /><testcase classname="tests.invariants.test_dispatch_shape_responsive" name="test_positive_output_form_model_routes_to_admission_refusal" time="0.000" /><testcase classname="tests.invariants.test_dispatch_shape_responsive" name="test_positive_output_form_knowledge_artifact_routes_to_phase_4" time="0.000" /><testcase classname="tests.invariants.test_dispatch_shape_responsive" name="test_positive_output_form_callable_skill_routes_to_phase_4" time="0.000" /><testcase classname="tests.invariants.test_dispatch_shape_responsive" name="test_v2_dispatch_route_returns_202_async_delivery_accepted_on_fresh_fork" time="0.003" /><testcase classname="tests.invariants.test_dispatch_shape_responsive" name="test_v2_dispatch_route_rejects_malformed_body" time="0.001" /><testcase classname="tests.invariants.test_dispatch_v0_untouched" name="test_v0_objective_request_contract_byte_identical" time="0.000" /><testcase classname="tests.invariants.test_dispatch_v0_untouched" name="test_v0_service_1_service_byte_identical" time="0.000" /><testcase classname="tests.invariants.test_dispatch_v0_untouched" name="test_v0_run_route_still_returns_governed_refusal_envelope" time="0.002" /><testcase classname="tests.invariants.test_engineer_key_grant_e2_taxonomy" name="test_grant_endpoint_no_auth_returns_401_auth_missing[POST-/api/engineer/key_grants-issuance]" time="0.001" /><testcase classname="tests.invariants.test_engineer_key_grant_e2_taxonomy" name="test_grant_endpoint_no_auth_returns_401_auth_missing[GET-/api/engineer/key_grants?grantee_email=other@example.com-cross_grantee_list]" time="0.001" /><testcase classname="tests.invariants.test_engineer_key_grant_e2_taxonomy" name="test_grant_endpoint_no_auth_returns_401_auth_missing[POST-/api/engineer/key_grants/some-grant-id/revoke-revocation]" time="0.001" /><testcase classname="tests.invariants.test_engineer_key_grant_e2_taxonomy" name="test_grant_endpoint_ordinary_user_returns_403_scope_insufficient[POST-/api/engineer/key_grants-issuance]" time="0.224" /><testcase classname="tests.invariants.test_engineer_key_grant_e2_taxonomy" name="test_grant_endpoint_ordinary_user_returns_403_scope_insufficient[GET-/api/engineer/key_grants?grantee_email=other@example.com-cross_grantee_list]" time="0.225" /><testcase classname="tests.invariants.test_engineer_key_grant_e2_taxonomy" name="test_grant_endpoint_ordinary_user_returns_403_scope_insufficient[POST-/api/engineer/key_grants/some-grant-id/revoke-revocation]" time="0.225" /><testcase classname="tests.invariants.test_engineer_key_grant_e2_taxonomy" name="test_grant_endpoint_engineer_role_succeeds_or_returns_governance_agnostic_error" time="0.675" /><testcase classname="tests.invariants.test_engineer_key_grant_ledger" name="test_engineer_key_grant_issuance_emits_ledger_row" time="0.450" /><testcase classname="tests.invariants.test_engineer_key_grant_ledger" name="test_engineer_key_grant_revocation_emits_ledger_row" time="0.452" /><testcase classname="tests.invariants.test_engineer_key_grant_ledger" name="test_engineer_key_grant_ledger_idempotent" time="0.002" /><testcase classname="tests.invariants.test_engineer_key_grant_load_bearing_wire_shape" name="test_grant_id_present_str_not_optional" time="0.000" /><testcase classname="tests.invariants.test_engineer_key_grant_load_bearing_wire_shape" name="test_key_class_present_literal_internal_external" time="0.000" /><testcase classname="tests.invariants.test_engineer_key_grant_load_bearing_wire_shape" name="test_path_present_literal_live_query_governed_extract" time="0.000" /><testcase classname="tests.invariants.test_engineer_key_grant_load_bearing_wire_shape" name="test_floor_present_literal_three_classes" time="0.000" /><testcase classname="tests.invariants.test_engineer_key_grant_load_bearing_wire_shape" name="test_scope_present_str_min_length_1_not_optional" time="0.000" /><testcase classname="tests.invariants.test_engineer_key_grant_load_bearing_wire_shape" name="test_lawful_basis_ref_present_str_min_length_1_not_optional" time="0.000" /><testcase classname="tests.invariants.test_engineer_key_grant_load_bearing_wire_shape" name="test_revoked_at_present_optional_datetime" time="0.000" /><testcase classname="tests.invariants.test_engineer_key_grant_load_bearing_wire_shape" name="test_lifecycle_field_additions_do_not_break_the_gate" time="0.000" /><testcase classname="tests.invariants.test_extraction_params_v0" name="test_extraction_params_v0_content_frozen" time="0.001" /><testcase classname="tests.invariants.test_extraction_params_v0" name="test_extraction_params_v0_rev_label_matches" time="0.000" /><testcase classname="tests.invariants.test_extraction_params_v0" name="test_reproducibility_keys_excludes_extracted_at" time="0.000" /><testcase classname="tests.invariants.test_feasibility_dual_consumer_schema" name="test_feasibility_single_consumer_schema" time="0.005" /><testcase classname="tests.invariants.test_feasibility_dual_consumer_schema" name="test_feasibility_reach_ref_is_deterministic" time="0.001" /><testcase classname="tests.invariants.test_feasibility_dual_consumer_schema" name="test_feasibility_snapshot_ref_changes_when_registry_updates" time="0.002" /><testcase classname="tests.invariants.test_feasibility_honesty_under_absence" name="test_feasibility_uncensused_scope_returns_unknown" time="0.001" /><testcase classname="tests.invariants.test_feasibility_honesty_under_absence" name="test_feasibility_censused_scope_returns_real_distribution" time="0.002" /><testcase classname="tests.invariants.test_feasibility_honesty_under_absence" name="test_feasibility_stale_region_returns_stale_with_provenance" time="0.001" /><testcase classname="tests.invariants.test_feasibility_honesty_under_absence" name="test_feasibility_never_fabricates" time="0.002" /><testcase classname="tests.invariants.test_feasibility_readonly" name="test_feasibility_readonly" time="0.005" /><testcase classname="tests.invariants.test_feasibility_result_v0_contract_frozen" name="test_feasibility_result_v0_contract_frozen" time="0.002" /><testcase classname="tests.invariants.test_five_rings_v0_zero_mutation_ast_cell" name="test_ast_cell_class_list_equivalent" time="0.001" /><testcase classname="tests.invariants.test_five_rings_v0_zero_mutation_ast_cell" name="test_ast_cell_snapshot_present_and_parseable" time="0.000" /><testcase classname="tests.invariants.test_five_rings_v0_zero_mutation_ast_cell" name="test_ast_cell_five_rings_ring_class_fields_stable" time="0.001" /><testcase classname="tests.invariants.test_fixture_refresh_fr_g1_to_g7" name="test_fr_g1_license_classes_v0_byte_identical" time="0.000" /><testcase classname="tests.invariants.test_fixture_refresh_fr_g1_to_g7" name="test_fr_g2_license_classes_v1_present_with_expected_shape" time="0.000" /><testcase classname="tests.invariants.test_fixture_refresh_fr_g1_to_g7" name="test_fr_g3_loader_reads_highest_version_v1" time="0.001" /><testcase classname="tests.invariants.test_fixture_refresh_fr_g1_to_g7" name="test_fr_g4_no_shadow_source_broadcaster_literals_in_service_code" time="0.205" /><testcase classname="tests.invariants.test_fixture_refresh_fr_g1_to_g7" name="test_fr_g5_adversarial_fixture_uses_neutralized_feed_ids" time="0.001" /><testcase classname="tests.invariants.test_fixture_refresh_fr_g1_to_g7" name="test_fr_g6_test_cascade_carries_no_residual_broadcaster_literals" time="0.001" /><testcase classname="tests.invariants.test_fixture_refresh_fr_g1_to_g7" name="test_fr_g7_outer_gate_transform_snapshot_reblessed_neutralized" time="0.000" /><testcase classname="tests.invariants.test_floor_feasibility_shared_derivation" name="test_canonical_derive_function_exists" time="0.000" /><testcase classname="tests.invariants.test_floor_feasibility_shared_derivation" name="test_canonical_derive_function_importable" time="0.000" /><testcase classname="tests.invariants.test_floor_feasibility_shared_derivation" name="test_no_reimplementation_of_floor_feasibility_outside_canonical" time="0.013" /><testcase classname="tests.invariants.test_floor_feasibility_shared_derivation" name="test_derive_floor_feasibility_is_deterministic_and_pure" time="0.000" /><testcase classname="tests.invariants.test_frozen_contract_snapshot_parity" name="test_every_frozen_contract_has_snapshot" time="0.001" /><testcase classname="tests.invariants.test_frozen_contract_snapshot_parity" name="test_every_snapshot_maps_to_a_contract" time="0.000" /><testcase classname="tests.invariants.test_frozen_contract_snapshot_parity" name="test_snapshot_mapping_is_bijective" time="0.000" /><testcase classname="tests.invariants.test_grain_compatibility_shared_source" name="test_grain_compatibility_shared_source_of_truth" time="0.015" /><testcase classname="tests.invariants.test_grain_compatibility_shared_source" name="test_grain_compat_single_source_of_truth" time="0.000" /><testcase classname="tests.invariants.test_grain_compatibility_shared_source" name="test_grain_compatibility_matrix_is_exhaustive" time="0.000" /><testcase classname="tests.invariants.test_grain_compatibility_shared_source" name="test_grain_compat_path_forward_actor_appropriate" time="0.000" /><testcase classname="tests.invariants.test_grain_compatibility_shared_source" name="test_grain_compat_incompatible_cells_have_non_empty_path_forward" time="0.000" /><testcase classname="tests.invariants.test_handoff_route_readonly" name="test_handoff_route_registered_get_only" time="0.054" /><testcase classname="tests.invariants.test_handoff_route_readonly" name="test_handoff_rejects_non_get[post]" time="0.004" /><testcase classname="tests.invariants.test_handoff_route_readonly" name="test_handoff_rejects_non_get[put]" time="0.003" /><testcase classname="tests.invariants.test_handoff_route_readonly" name="test_handoff_rejects_non_get[patch]" time="0.003" /><testcase classname="tests.invariants.test_handoff_route_readonly" name="test_handoff_rejects_non_get[delete]" time="0.003" /><testcase classname="tests.invariants.test_handoff_route_readonly" name="test_handoff_200_returns_attachment_markdown_writes_zero" time="0.003" /><testcase classname="tests.invariants.test_handoff_route_readonly" name="test_handoff_404_when_artifact_missing_writes_zero" time="0.003" /><testcase classname="tests.invariants.test_invariant_contract_snapshots" name="test_five_rings_schema_frozen" time="0.004" /><testcase classname="tests.invariants.test_invariant_contract_snapshots" name="test_objective_request_schema_frozen" time="0.002" /><testcase classname="tests.invariants.test_invariant_contract_snapshots" name="test_qualification_matrix_schema_frozen" time="0.001" /><testcase classname="tests.invariants.test_invariant_contract_snapshots" name="test_qualification_matrix_v0_content_frozen" time="0.000" /><testcase classname="tests.invariants.test_layer_c_signal_ring_conformance" name="test_empty_dimensions_is_conformant" time="0.000" /><testcase classname="tests.invariants.test_layer_c_signal_ring_conformance" name="test_audio_catalogue_dimensions_accepted" time="0.000" /><testcase classname="tests.invariants.test_layer_c_signal_ring_conformance" name="test_audio_out_of_catalogue_dimension_rejected" time="0.000" /><testcase classname="tests.invariants.test_layer_c_signal_ring_conformance" name="test_converge_units_validates_conformance" time="0.000" /><testcase classname="tests.invariants.test_layer_c_signal_ring_conformance" name="test_video_catalogue" time="0.000" /><testcase classname="tests.invariants.test_layer_c_signal_ring_conformance" name="test_image_catalogue_rejects_video_dim" time="0.000" /><testcase classname="tests.invariants.test_layer_c_signal_ring_conformance" name="test_composite_modality_empty_only" time="0.000" /><testcase classname="tests.invariants.test_ledger_absorbs_outer_gate_and_v2_via_stamp_audit" name="test_outer_gate_receipt_lands_in_stamp_audit" time="0.001" /><testcase classname="tests.invariants.test_ledger_absorbs_outer_gate_and_v2_via_stamp_audit" name="test_v2_refusal_lands_in_stamp_audit" time="0.001" /><testcase classname="tests.invariants.test_ledger_absorbs_outer_gate_and_v2_via_stamp_audit" name="test_northena_ledger_row_contract_snapshot_unchanged_at_g6" time="0.001" /><testcase classname="tests.invariants.test_ledger_absorbs_outer_gate_and_v2_via_stamp_audit" name="test_no_new_stage_literal_at_g6" time="0.001" /><testcase classname="tests.invariants.test_ledger_absorbs_outer_gate_and_v2_via_stamp_audit" name="test_no_new_decision_literal_at_g6" time="0.001" /><testcase classname="tests.invariants.test_license_class_config_governs_taxonomy" name="test_license_class_config_governs_taxonomy" time="0.034" /><testcase classname="tests.invariants.test_license_class_config_governs_taxonomy" name="test_license_class_config_valid_classes_registered" time="0.000" /><testcase classname="tests.invariants.test_license_class_config_governs_taxonomy" name="test_license_class_selection_phase_7_seam_documented" time="0.000" /><testcase classname="tests.invariants.test_lift_manifest_schema" name="test_lift_manifest_schema_frozen" time="0.000" /><testcase classname="tests.invariants.test_lift_manifest_schema" name="test_manifest_conforms_to_schema" time="0.001" /><testcase classname="tests.invariants.test_master_admin_auth_reconciliation" name="test_master_admin_endpoint_no_auth_returns_401[POST-/api/pricing/tier_lock-body0-200]" time="0.001" /><testcase classname="tests.invariants.test_master_admin_auth_reconciliation" name="test_master_admin_endpoint_no_auth_returns_401[POST-/api/pricing/model_version-None-501]" time="0.001" /><testcase classname="tests.invariants.test_master_admin_auth_reconciliation" name="test_master_admin_endpoint_no_auth_returns_401[POST-/api/fleet/policy-None-501]" time="0.001" /><testcase classname="tests.invariants.test_master_admin_auth_reconciliation" name="test_master_admin_endpoint_no_auth_returns_401[GET-/api/master_admin/pending_seams-None-200]" time="0.001" /><testcase classname="tests.invariants.test_master_admin_auth_reconciliation" name="test_master_admin_endpoint_no_auth_returns_401[GET-/api/master_admin/audit_trail-None-200]" time="0.001" /><testcase classname="tests.invariants.test_master_admin_auth_reconciliation" name="test_master_admin_endpoint_ordinary_user_returns_403[POST-/api/pricing/tier_lock-body0-200]" time="0.225" /><testcase classname="tests.invariants.test_master_admin_auth_reconciliation" name="test_master_admin_endpoint_ordinary_user_returns_403[POST-/api/pricing/model_version-None-501]" time="0.224" /><testcase classname="tests.invariants.test_master_admin_auth_reconciliation" name="test_master_admin_endpoint_ordinary_user_returns_403[POST-/api/fleet/policy-None-501]" time="0.224" /><testcase classname="tests.invariants.test_master_admin_auth_reconciliation" name="test_master_admin_endpoint_ordinary_user_returns_403[GET-/api/master_admin/pending_seams-None-200]" time="0.224" /><testcase classname="tests.invariants.test_master_admin_auth_reconciliation" name="test_master_admin_endpoint_ordinary_user_returns_403[GET-/api/master_admin/audit_trail-None-200]" time="0.224" /><testcase classname="tests.invariants.test_master_admin_auth_reconciliation" name="test_master_admin_endpoint_master_admin_role_permits[POST-/api/pricing/tier_lock-body0-200]" time="0.230" /><testcase classname="tests.invariants.test_master_admin_auth_reconciliation" name="test_master_admin_endpoint_master_admin_role_permits[POST-/api/pricing/model_version-None-501]" time="0.224" /><testcase classname="tests.invariants.test_master_admin_auth_reconciliation" name="test_master_admin_endpoint_master_admin_role_permits[POST-/api/fleet/policy-None-501]" time="0.224" /><testcase classname="tests.invariants.test_master_admin_auth_reconciliation" name="test_master_admin_endpoint_master_admin_role_permits[GET-/api/master_admin/pending_seams-None-200]" time="0.224" /><testcase classname="tests.invariants.test_master_admin_auth_reconciliation" name="test_master_admin_endpoint_master_admin_role_permits[GET-/api/master_admin/audit_trail-None-200]" time="0.225" /><testcase classname="tests.invariants.test_master_admin_auth_reconciliation" name="test_retired_master_admin_header_has_zero_runtime_effect" time="0.001" /><testcase classname="tests.invariants.test_master_admin_auth_reconciliation" name="test_seeded_admin_carries_master_admin_role" time="0.001" /><testcase classname="tests.invariants.test_master_admin_pending_seams" name="test_pending_seams_endpoint_enumerates_all_five_seams_at_baseline" time="0.224" /><testcase classname="tests.invariants.test_master_admin_pending_seams" name="test_enumerate_pending_seams_pure_function_baseline" time="0.000" /><testcase classname="tests.invariants.test_master_admin_pending_seams" name="test_enumerate_pending_seams_closes_targeta_when_all_three_env_vars_set" time="0.000" /><testcase classname="tests.invariants.test_master_admin_pending_seams" name="test_enumerate_pending_seams_partial_env_keeps_seam_pending" time="0.000" /><testcase classname="tests.invariants.test_master_admin_pending_seams" name="test_enumerate_pending_seams_retention_mode_indefinite_stays_pending" time="0.000" /><testcase classname="tests.invariants.test_master_admin_pending_seams" name="test_enumerate_pending_seams_ordering_matches_mockup_precedent" time="0.000" /><testcase classname="tests.invariants.test_master_admin_recent_actions" name="test_audit_trail_endpoint_shape_and_auth_gate" time="0.001" /><testcase classname="tests.invariants.test_master_admin_recent_actions" name="test_audit_trail_returns_recent_master_admin_rule_change_rows" time="0.231" /><testcase classname="tests.invariants.test_master_admin_recent_actions" name="test_audit_trail_reverse_chronological_ordering" time="0.287" /><testcase classname="tests.invariants.test_master_admin_recent_actions" name="test_audit_trail_does_not_embed_raw_diff_as_primary_display" time="0.230" /><testcase classname="tests.invariants.test_master_admin_recent_actions" name="test_audit_trail_full_diff_ref_link_resolves_to_ledger_row" time="0.231" /><testcase classname="tests.invariants.test_master_admin_tier_lock_path_a_ledger" name="test_tier_lock_commit_emits_ledger_row" time="0.230" /><testcase classname="tests.invariants.test_master_admin_tier_lock_path_a_ledger" name="test_tier_lock_commit_writes_versioned_file" time="0.251" /><testcase classname="tests.invariants.test_master_admin_tier_lock_path_a_ledger" name="test_tier_lock_commit_idempotent_by_idempotency_key" time="0.231" /><testcase classname="tests.invariants.test_memory_engineer_key_grant_e2e_propagation" name="test_m_g_e2e_fresh_user_without_grant_denied_at_memory_surface" time="0.226" /><testcase classname="tests.invariants.test_memory_engineer_key_grant_e2e_propagation" name="test_m_g_e2e_grant_propagates_to_next_login_and_unlocks_memory_surface" time="0.900" /><testcase classname="tests.invariants.test_memory_engineer_key_grant_e2e_propagation" name="test_m_g_e2e_cross_key_holder_cannot_read_foreign_plane_via_http" time="1.127" /><testcase classname="tests.invariants.test_memory_engineer_key_grant_e2e_propagation" name="test_m_g_e2e_admin_full_scope_read_is_intentional" time="0.677" /><testcase classname="tests.invariants.test_memory_engineer_key_grant_e2e_propagation" name="test_m_g_e2e_revocation_propagates_at_next_login" time="0.901" /><testcase classname="tests.invariants.test_memory_engineer_key_grant_e2e_propagation" name="test_m_g_e2e_refresh_path_also_single_source_derived" time="0.680" /><testcase classname="tests.invariants.test_memory_engineer_key_grant_e2e_propagation" name="test_m_g_e2e_single_source_users_key_grants_never_read_for_auth" time="0.672" /><testcase classname="tests.invariants.test_memory_observability_o_g1_to_o_g6" name="test_o_g1_observability_returns_expected_aggregate_shape" time="0.007" /><testcase classname="tests.invariants.test_memory_observability_o_g1_to_o_g6" name="test_o_g2_cross_key_observability_denied_with_auth_taxonomy" time="0.004" /><testcase classname="tests.invariants.test_memory_observability_o_g1_to_o_g6" name="test_o_g3_publication_rate_none_when_no_attempts" time="0.005" /><testcase classname="tests.invariants.test_memory_observability_o_g1_to_o_g6" name="test_o_g4_class_declared_bucketing_reads_stamp_audit" time="0.006" /><testcase classname="tests.invariants.test_memory_observability_o_g1_to_o_g6" name="test_o_g5_revocation_history_reflects_ledger_rows" time="0.005" /><testcase classname="tests.invariants.test_memory_observability_o_g1_to_o_g6" name="test_o_g6_unknown_plane_returns_governed_refusal" time="0.003" /><testcase classname="tests.invariants.test_memory_observability_o_g1_to_o_g6" name="test_o_g_parity_expected_parity_unchanged_at_34" time="0.002" /><testcase classname="tests.invariants.test_memory_observability_o_g1_to_o_g6" name="test_o_g_aggregate_reads_ledger_only_no_mongo_planes_or_contribs" time="0.004" /><testcase classname="tests.invariants.test_memory_service_m_g1_to_m_g9" name="test_m_g1_scoped_accessor_cannot_read_across_planes_by_direct_call" time="0.005" /><testcase classname="tests.invariants.test_memory_service_m_g1_to_m_g9" name="test_m_g2_scoped_accessor_cannot_bypass_via_kwarg_or_setattr_override" time="0.004" /><testcase classname="tests.invariants.test_memory_service_m_g1_to_m_g9" name="test_m_g3_write_back_write_to_plane_A_isolated_from_plane_B_reads" time="0.006" /><testcase classname="tests.invariants.test_memory_service_m_g1_to_m_g9" name="test_m_g4_mind_context_never_crosses_keys" time="0.006" /><testcase classname="tests.invariants.test_memory_service_m_g1_to_m_g9" name="test_m_g5_estate_memory_shared_across_keys" time="0.006" /><testcase classname="tests.invariants.test_memory_service_m_g1_to_m_g9" name="test_m_g6_publication_is_separate_governed_act" time="0.005" /><testcase classname="tests.invariants.test_memory_service_m_g1_to_m_g9" name="test_m_g7_revocation_freezes_plane_immediately" time="0.006" /><testcase classname="tests.invariants.test_memory_service_m_g1_to_m_g9" name="test_m_g8_plane_state_ledger_reconstructible" time="0.008" /><testcase classname="tests.invariants.test_memory_service_m_g1_to_m_g9" name="test_m_g9_memory_refusal_shape_governed_never_auth" time="0.002" /><testcase classname="tests.invariants.test_memory_service_m_g1_to_m_g9" name="test_m_g9_router_auth_denial_carries_no_outcome_key" time="0.004" /><testcase classname="tests.invariants.test_memory_service_m_g1_to_m_g9" name="test_m_g9_router_governed_refusal_carries_outcome_key" time="0.003" /><testcase classname="tests.invariants.test_memory_service_m_g1_to_m_g9" name="test_m_g_registry_v4_landed_additive_from_v3_with_authority" time="0.002" /><testcase classname="tests.invariants.test_memory_service_m_g1_to_m_g9" name="test_m_g_parity_34_at_memory_service_stage_b_close" time="0.003" /><testcase classname="tests.invariants.test_memory_service_m_g1_to_m_g9" name="test_m_g_two_frozen_snapshots_present_and_byte_identical" time="0.004" /><testcase classname="tests.invariants.test_memory_service_m_g1_to_m_g9" name="test_m_g_constants_all_carry_slot_markers" time="0.002" /><testcase classname="tests.invariants.test_memory_service_m_g1_to_m_g9" name="test_m_g_publication_threshold_unset_by_default" time="0.002" /><testcase classname="tests.invariants.test_memory_service_m_g1_to_m_g9" name="test_m_g_class_cap_rejects_fact_over_utterance" time="0.002" /><testcase classname="tests.invariants.test_memory_service_m_g1_to_m_g9" name="test_m_g_class_cap_accepts_utterance_over_utterance" time="0.002" /><testcase classname="tests.invariants.test_memory_service_m_g1_to_m_g9" name="test_m_g_class_cap_rejects_unknown_class" time="0.002" /><testcase classname="tests.invariants.test_memory_service_m_g1_to_m_g9" name="test_m_g_rights_at_birth_rejects_registry_visible_at_write" time="0.002" /><testcase classname="tests.invariants.test_memory_service_m_g1_to_m_g9" name="test_m_g_rights_at_birth_rejects_registry_publication_intent_at_write" time="0.002" /><testcase classname="tests.invariants.test_memory_service_m_g1_to_m_g9" name="test_m_g_router_engineer_key_holder_can_issue_and_contribute" time="0.006" /><testcase classname="tests.invariants.test_memory_service_m_g1_to_m_g9" name="test_m_g_router_cross_key_plane_read_denied" time="0.005" /><testcase classname="tests.invariants.test_memory_service_m_g1_to_m_g9" name="test_m_g_refusal_reason_set_closed" time="0.002" /><testcase classname="tests.invariants.test_mtafiti_invariants" name="test_inference_emits_no_verdict_structural" time="0.000" /><testcase classname="tests.invariants.test_mtafiti_invariants" name="test_inference_returns_only_detections" time="0.000" /><testcase classname="tests.invariants.test_mtafiti_invariants" name="test_verdict_is_matrix_lookup" time="0.000" /><testcase classname="tests.invariants.test_mtafiti_invariants" name="test_verdict_unmapped_cell_fails_toward_caution" time="0.000" /><testcase classname="tests.invariants.test_mtafiti_invariants" name="test_baseline_stands_alone_when_overlay_not_admitted" time="0.001" /><testcase classname="tests.invariants.test_mtafiti_invariants" name="test_census_signature_takes_no_objective" time="0.000" /><testcase classname="tests.invariants.test_mtafiti_invariants" name="test_census_output_is_objective_blind" time="0.000" /><testcase classname="tests.invariants.test_mtafiti_invariants" name="test_registry_record_contract_frozen" time="0.002" /><testcase classname="tests.invariants.test_mtafiti_invariants" name="test_freshness_l1_present_on_new_records" time="0.001" /><testcase classname="tests.invariants.test_mtafiti_invariants" name="test_freshness_l2_present_when_fixture_provides" time="0.001" /><testcase classname="tests.invariants.test_mtafiti_invariants" name="test_freshness_detects_scoped_change" time="0.001" /><testcase classname="tests.invariants.test_mtafiti_invariants" name="test_v3_overlay_returns_false_when_thresholds_none" time="0.000" /><testcase classname="tests.invariants.test_mtafiti_invariants" name="test_v3_overlay_runtime_mode_defaults_to_declaration_baseline" time="0.000" /><testcase classname="tests.invariants.test_mtafiti_invariants" name="test_v3_overlay_admits_when_thresholds_met" time="0.000" /><testcase classname="tests.invariants.test_mtafiti_invariants" name="test_v3_overlay_kappa_floor_gates_before_accuracy" time="0.000" /><testcase classname="tests.invariants.test_mtafiti_invariants" name="test_source_standing_placeholder_flags" time="0.001" /><testcase classname="tests.invariants.test_mtafiti_invariants" name="test_source_standing_covers_fixture_feed_ids" time="0.001" /><testcase classname="tests.invariants.test_mtafiti_invariants" name="test_declaration_baseline_complete_alone_across_fixture" time="0.003" /><testcase classname="tests.invariants.test_no_unauthorized_deletion_path" name="test_no_unauthorized_deletion_path_in_production_tree" time="0.026" /><testcase classname="tests.invariants.test_no_unauthorized_deletion_path" name="test_no_unauthorized_deletion_path_whitelist_positive" time="0.000" /><testcase classname="tests.invariants.test_no_unauthorized_deletion_path" name="test_no_unauthorized_deletion_path_whitelist_retirement_note" time="0.000" /><testcase classname="tests.invariants.test_northena_ledger_retention" name="test_no_deletion_path_in_northena_services" time="0.001" /><testcase classname="tests.invariants.test_northena_ledger_retention" name="test_retention_mode_defaults_to_indefinite" time="0.000" /><testcase classname="tests.invariants.test_northena_ledger_row_v0" name="test_northena_ledger_row_schema_frozen" time="0.001" /><testcase classname="tests.invariants.test_objective_request_v2_contract_frozen" name="test_objective_request_v2_contract_frozen" time="0.005" /><testcase classname="tests.invariants.test_opportunity_briefs_ob_g1_to_g5" name="test_ob_g1_brief_numbers_are_registry_reads_verbatim" time="0.000" /><testcase classname="tests.invariants.test_opportunity_briefs_ob_g1_to_g5" name="test_ob_g2_advisory_marker_present_on_every_brief_render" time="0.000" /><testcase classname="tests.invariants.test_opportunity_briefs_ob_g1_to_g5" name="test_ob_g2_seam1_no_strip_ast" time="0.001" /><testcase classname="tests.invariants.test_opportunity_briefs_ob_g1_to_g5" name="test_ob_g3_brief_excluded_from_trace_resolution" time="0.002" /><testcase classname="tests.invariants.test_opportunity_briefs_ob_g1_to_g5" name="test_ob_g3_seam2_namespace_distinct" time="0.000" /><testcase classname="tests.invariants.test_opportunity_briefs_ob_g1_to_g5" name="test_ob_g4_shape_as_objective_prefills_reach_only" time="0.000" /><testcase classname="tests.invariants.test_opportunity_briefs_ob_g1_to_g5" name="test_ob_g5_combined_brief_numbers_trace_to_each_contributing_slice" time="0.000" /><testcase classname="tests.invariants.test_opportunity_briefs_ob_g1_to_g5" name="test_ob_g_seam3_governed_response_import_boundary" time="0.017" /><testcase classname="tests.invariants.test_opportunity_briefs_ob_g1_to_g5" name="test_ob_g_db_brief_prompt_template_data_blind_no_residues" time="0.000" /><testcase classname="tests.invariants.test_opportunity_briefs_ob_g1_to_g5" name="test_ob_g_parity_31_preserved_at_ob_landing" time="0.000" /><testcase classname="tests.invariants.test_opportunity_briefs_ob_g1_to_g5" name="test_ob_g_refresh_stale_marking_on_census_change" time="0.000" /><testcase classname="tests.invariants.test_opportunity_briefs_ob_g1_to_g5" name="test_ob_g_grounding_fail_prevents_brief_write" time="0.000" /><testcase classname="tests.invariants.test_opportunity_briefs_ob_g1_to_g5" name="test_ob_g_e3_no_synthesis_compute_ast" time="0.002" /><testcase classname="tests.invariants.test_opportunity_briefs_ob_g1_to_g5" name="test_ob_g_selector_three_scope_enumeration" time="0.000" /><testcase classname="tests.invariants.test_opportunity_briefs_ob_g1_to_g5" name="test_ob_g_telemetry_sidecar_shape" time="0.000" /><testcase classname="tests.invariants.test_opportunity_briefs_ob_g1_to_g5" name="test_ob_g_runtime_transient_never_refusal_envelope" time="0.000" /><testcase classname="tests.invariants.test_outer_gate_irreversibility" name="test_no_plaintext_in_egress_bytes" time="0.000" /><testcase classname="tests.invariants.test_outer_gate_irreversibility" name="test_pseudonymised_fields_match_hash_format" time="0.000" /><testcase classname="tests.invariants.test_outer_gate_irreversibility" name="test_generalised_fields_transformed" time="0.000" /><testcase classname="tests.invariants.test_outer_gate_irreversibility" name="test_key_purge_makes_input_unrecoverable" time="0.000" /><testcase classname="tests.invariants.test_outer_gate_irreversibility" name="test_transform_via_purged_window_refused" time="0.000" /><testcase classname="tests.invariants.test_outer_gate_irreversibility" name="test_within_window_correlation_preserved_across_artifacts" time="0.000" /><testcase classname="tests.invariants.test_outer_gate_irreversibility" name="test_cross_window_correlation_broken_by_purge" time="0.000" /><testcase classname="tests.invariants.test_outer_gate_irreversibility" name="test_transform_snapshot_stable_under_fixed_key" time="0.000" /><testcase classname="tests.invariants.test_outer_gate_irreversibility" name="test_outer_gate_receipt_contract_frozen" time="0.001" /><testcase classname="tests.invariants.test_outer_gate_irreversibility" name="test_receipt_carries_fingerprint_never_key" time="0.000" /><testcase classname="tests.invariants.test_p1_custody_closure" name="test_p1_g_r1a_fail_closed_on_unsupported_language" time="0.000" /><testcase classname="tests.invariants.test_p1_custody_closure" name="test_p1_g_r1b_tenant_catalogue_nonempty_after_census" time="0.000" /><testcase classname="tests.invariants.test_p1_custody_closure" name="test_p1_g_r1c_tenant_catalogue_isolation_per_tenant" time="0.000" /><testcase classname="tests.invariants.test_p1_custody_closure" name="test_p1_g_r1d_language_dispatch_module_shipped" time="0.000" /><testcase classname="tests.invariants.test_p1_custody_closure" name="test_p1_g_r1e_shield_language_guard_below_threshold_proceeds" time="0.000" /><testcase classname="tests.invariants.test_p1_custody_closure" name="test_p1_g_r2a_ast_gate_catches_raw_import" time="0.002" /><testcase classname="tests.invariants.test_p1_custody_closure" name="test_p1_g_r2b_ast_gate_catches_aliased_import" time="0.001" /><testcase classname="tests.invariants.test_p1_custody_closure" name="test_p1_g_r2c_ast_gate_catches_from_import" time="0.001" /><testcase classname="tests.invariants.test_p1_custody_closure" name="test_p1_g_r2d_ast_gate_catches_dynamic_import" time="0.001" /><testcase classname="tests.invariants.test_p1_custody_closure" name="test_p1_g_r2e_runtime_firewall_blocks_provider_host" time="0.000" /><testcase classname="tests.invariants.test_p1_custody_closure" name="test_p1_g_r2f_named_file_exemption_list_matches_disk" time="0.000" /><testcase classname="tests.invariants.test_p1_custody_closure" name="test_p1_g_r3a_llm_router_signature_no_bypass_parameter" time="0.000" /><testcase classname="tests.invariants.test_p1_custody_closure" name="test_p1_g_r3b_llm_router_no_bypass_by_ast_walk" time="0.002" /><testcase classname="tests.invariants.test_p1_custody_closure" name="test_p1_g_r3c_deid_bypass_via_call_arg_impossible" time="0.000" /><testcase classname="tests.invariants.test_p1_custody_closure" name="test_p1_g_r4a_production_refuses_missing_secret" time="0.000" /><testcase classname="tests.invariants.test_p1_custody_closure" name="test_p1_g_r4b_production_refuses_absent_admin_seed" time="0.000" /><testcase classname="tests.invariants.test_p1_custody_closure" name="test_p1_g_r4c_production_refuses_absent_llm_key" time="0.000" /><testcase classname="tests.invariants.test_p1_custody_closure" name="test_p1_g_r4d_development_boots_with_dev_fallback" time="0.000" /><testcase classname="tests.invariants.test_p1_custody_closure" name="test_p1_g_r5a_trust_receipt_carries_masking_tier" time="0.001" /><testcase classname="tests.invariants.test_p1_custody_closure" name="test_p1_g_r5b_masking_tier_allowlist_rejects_unknown_tier" time="0.000" /><testcase classname="tests.invariants.test_p1_custody_closure" name="test_p1_g_r5c_masking_tier_dev_only_tier_refused_in_production" time="0.000" /><testcase classname="tests.invariants.test_p1_custody_closure" name="test_p1_g_r5d_trust_receipt_v1_contract_snapshot_locked" time="0.003" /><testcase classname="tests.invariants.test_p1_custody_closure" name="test_p1_g_r6a_system_message_token_clause_leads" time="0.000" /><testcase classname="tests.invariants.test_p1_custody_closure" name="test_p1_g_r6b_caller_prompt_cannot_remove_token_clause" time="0.000" /><testcase classname="tests.invariants.test_p1_custody_closure" name="test_p1_g_r6c_caller_prompt_landed_after_delimiter" time="0.000" /><testcase classname="tests.invariants.test_p1_custody_closure" name="test_p1_g_r6d_no_caller_prompt_yields_bare_token_clause" time="0.000" /><testcase classname="tests.invariants.test_p1_custody_closure" name="test_p1_g_r7a_env_sample_present_and_marked" time="0.000" /><testcase classname="tests.invariants.test_p1_custody_closure" name="test_p1_g_r7b_env_sample_matches_production_reads" time="0.013" /><testcase classname="tests.invariants.test_p1_custody_closure" name="test_p1_g_r7c_admin_seed_idempotent" time="0.668" /><testcase classname="tests.invariants.test_p1_custody_closure" name="test_p1_g_r7d_masking_tier_allowlist_is_positive_list" time="0.000" /><testcase classname="tests.invariants.test_p1_custody_closure" name="test_p1_g_r7e_egress_firewall_module_shipped" time="0.000" /><testcase classname="tests.invariants.test_p1_custody_closure" name="test_p1_g_r7f_tier_lock_manifest_present" time="0.000" /><testcase classname="tests.invariants.test_p2_buildable_now" name="test_v1_g2_tightened_two_identical_checkpoints_merge_stably" time="0.002" /><testcase classname="tests.invariants.test_p2_buildable_now" name="test_v1_g2_tightened_two_offset_advancing_checkpoints_take_max_and_dedupe" time="0.001" /><testcase classname="tests.invariants.test_p2_buildable_now" name="test_v1_g2_tightened_http_idempotent_replay_on_same_result" time="0.005" /><testcase classname="tests.invariants.test_p2_buildable_now" name="test_v1_g3_tightened_stub_result_carries_valid_purge_attestation" time="0.001" /><testcase classname="tests.invariants.test_p2_buildable_now" name="test_v1_g3_tightened_result_without_purge_attestation_rejected" time="0.001" /><testcase classname="tests.invariants.test_p2_buildable_now" name="test_v1_g4_extension_intake_validator_rejects_malformed_result_body" time="0.003" /><testcase classname="tests.invariants.test_p2_buildable_now" name="test_v1_g4_extension_intake_validator_rejects_bogus_unit_shape" time="0.003" /><testcase classname="tests.invariants.test_p2_buildable_now" name="test_v1_g6_tightened_telemetry_carries_four_fields_and_per_modality_is_dict" time="0.001" /><testcase classname="tests.invariants.test_p2_buildable_now" name="test_p2_g_r4a_worker_module_never_imports_ledger_writers[backend/services/perception/asr_worker.py]" time="0.003" /><testcase classname="tests.invariants.test_p2_buildable_now" name="test_p2_g_r4a_worker_module_never_imports_ledger_writers[backend/services/perception/diarization_worker.py]" time="0.002" /><testcase classname="tests.invariants.test_p2_buildable_now" name="test_p2_g_r4a_worker_module_never_imports_ledger_writers[backend/services/perception/stub_worker.py]" time="0.002" /><testcase classname="tests.invariants.test_p2_buildable_now" name="test_p2_g_r4a_worker_module_never_imports_ledger_writers[backend/services/perception/gpu_execution/cuda_runtime.py]" time="0.002" /><testcase classname="tests.invariants.test_p2_buildable_now" name="test_p2_g_r4a_worker_module_never_imports_ledger_writers[backend/services/perception/gpu_execution/model_loader.py]" time="0.002" /><testcase classname="tests.invariants.test_p2_buildable_now" name="test_p2_g_r4a_worker_module_never_imports_ledger_writers[backend/services/perception/gpu_execution/audio_batching.py]" time="0.001" /><testcase classname="tests.invariants.test_p2_buildable_now" name="test_p2_g_r4a_worker_module_never_imports_ledger_writers[backend/services/perception/gpu_execution/__init__.py]" time="0.001" /><testcase classname="tests.invariants.test_p2_buildable_now" name="test_p2_g_r4a_worker_module_never_imports_identity_stack[backend/services/perception/asr_worker.py]" time="0.002" /><testcase classname="tests.invariants.test_p2_buildable_now" name="test_p2_g_r4a_worker_module_never_imports_identity_stack[backend/services/perception/diarization_worker.py]" time="0.002" /><testcase classname="tests.invariants.test_p2_buildable_now" name="test_p2_g_r4a_worker_module_never_imports_identity_stack[backend/services/perception/stub_worker.py]" time="0.002" /><testcase classname="tests.invariants.test_p2_buildable_now" name="test_p2_g_r4a_worker_module_never_imports_identity_stack[backend/services/perception/gpu_execution/cuda_runtime.py]" time="0.002" /><testcase classname="tests.invariants.test_p2_buildable_now" name="test_p2_g_r4a_worker_module_never_imports_identity_stack[backend/services/perception/gpu_execution/model_loader.py]" time="0.002" /><testcase classname="tests.invariants.test_p2_buildable_now" name="test_p2_g_r4a_worker_module_never_imports_identity_stack[backend/services/perception/gpu_execution/audio_batching.py]" time="0.001" /><testcase classname="tests.invariants.test_p2_buildable_now" name="test_p2_g_r4a_worker_module_never_imports_identity_stack[backend/services/perception/gpu_execution/__init__.py]" time="0.001" /><testcase classname="tests.invariants.test_p2_buildable_now" name="test_p2_g_r4b_gpu_execution_import_refuses_when_env_var_unset" time="0.003" /><testcase classname="tests.invariants.test_p2_buildable_now" name="test_p2_g_r4b_gpu_execution_import_refuses_invalid_mode_string" time="0.002" /><testcase classname="tests.invariants.test_p2_buildable_now" name="test_p2_g_r4b_stub_worker_serves_without_gpu_env" time="0.001" /><testcase classname="tests.invariants.test_phase3_subcycle1_gates" name="test_connect_capabilities_lists_dormant_only" time="0.001" /><testcase classname="tests.invariants.test_phase3_subcycle1_gates" name="test_connect_post_sources_refuses_governed" time="0.001" /><testcase classname="tests.invariants.test_phase3_subcycle1_gates" name="test_connect_list_sources_returns_empty_with_posture_marker" time="0.001" /><testcase classname="tests.invariants.test_phase3_subcycle1_gates" name="test_wizard_milestones_endpoints_land" time="0.231" /><testcase classname="tests.invariants.test_phase3_subcycle1_gates" name="test_wizard_milestones_propose_resets_agreed_flag" time="0.232" /><testcase classname="tests.invariants.test_phase3_subcycle1_gates" name="test_wizard_milestones_agree_refuses_empty_list" time="0.228" /><testcase classname="tests.invariants.test_phase3_subcycle1_gates" name="test_wizard_milestones_propose_refuses_incomplete_shape" time="0.227" /><testcase classname="tests.invariants.test_phase3_subcycle1_gates" name="test_wizard_freeze_refuses_when_milestones_not_agreed" time="0.229" /><testcase classname="tests.invariants.test_phase3_subcycle1_gates" name="test_gate_four_response_class_envelope_shapes_distinct" time="0.002" /><testcase classname="tests.invariants.test_phase3_subcycle1_gates" name="test_openapi_lists_new_routes" time="0.004" /><testcase classname="tests.invariants.test_phase_5_stage_b_async_delivery" name="test_kill_and_restart_recovers_without_state_loss_or_duplicate_ledger_emission" time="0.005" /><testcase classname="tests.invariants.test_phase_5_stage_b_async_delivery" name="test_recover_from_accepted_re_enqueues_cleanly" time="0.002" /><testcase classname="tests.invariants.test_phase_5_stage_b_async_delivery" name="test_recover_from_running_resets_to_accepted_then_re_enqueues" time="0.003" /><testcase classname="tests.invariants.test_phase_5_stage_b_async_delivery" name="test_recover_from_delivered_is_noop_no_re_delivery_webhook" time="0.002" /><testcase classname="tests.invariants.test_phase_5_stage_b_async_delivery" name="test_recover_from_refused_is_noop" time="0.002" /><testcase classname="tests.invariants.test_phase_5_stage_b_async_delivery" name="test_webhook_signature_verifiable" time="0.000" /><testcase classname="tests.invariants.test_phase_5_stage_b_async_delivery" name="test_webhook_retries_bounded_at_five" time="0.002" /><testcase classname="tests.invariants.test_phase_5_stage_b_async_delivery" name="test_webhook_undelivered_still_polls_status" time="0.004" /><testcase classname="tests.invariants.test_phase_5_stage_b_async_delivery" name="test_webhook_payload_carries_no_claim_content" time="0.000" /><testcase classname="tests.invariants.test_phase_5_stage_b_async_delivery" name="test_webhook_timestamp_skew_rejected_beyond_five_minutes" time="0.000" /><testcase classname="tests.invariants.test_phase_5_stage_b_async_delivery" name="test_webhook_wire_shape_pins_five_governance_keys" time="0.000" /><testcase classname="tests.invariants.test_phase_5_stage_b_async_delivery" name="test_retried_post_neither_double_commissions_nor_double_charges" time="0.006" /><testcase classname="tests.invariants.test_phase_5_stage_b_async_delivery" name="test_idempotency_key_missing_on_external_request_refuses" time="0.002" /><testcase classname="tests.invariants.test_phase_5_stage_b_async_delivery" name="test_cancelled_run_no_partial_egress" time="0.004" /><testcase classname="tests.invariants.test_phase_5_stage_b_async_delivery" name="test_cancel_during_outer_gate_transform_no_partial_egress" time="0.005" /><testcase classname="tests.invariants.test_phase_5_stage_b_async_delivery" name="test_cancelled_run_is_ledgered" time="0.004" /><testcase classname="tests.invariants.test_phase_5_stage_b_async_delivery" name="test_cancel_after_terminal_state_is_noop_returns_terminal_envelope" time="0.004" /><testcase classname="tests.invariants.test_phase_5_stage_b_async_delivery" name="test_fresh_fork_at_admission_routes_to_async_pathway" time="0.004" /><testcase classname="tests.invariants.test_phase_5_stage_b_async_delivery" name="test_warm_fork_at_admission_uses_sync_pathway_not_async" time="0.003" /><testcase classname="tests.invariants.test_phase_5_stage_b_async_delivery" name="test_accepted_body_wire_shape_pins_governance_keys" time="0.001" /><testcase classname="tests.invariants.test_phase_5_stage_b_async_delivery" name="test_governance_travels_inline_on_async_response_body" time="0.003" /><testcase classname="tests.invariants.test_phase_5_stage_b_async_delivery" name="test_late_refusal_ledgered_with_governed_reason" time="0.003" /><testcase classname="tests.invariants.test_phase_5_stage_b_async_delivery" name="test_sandbox_mode_serves_from_fixture_estate" time="0.003" /><testcase classname="tests.invariants.test_phase_5_stage_b_async_delivery" name="test_admission_refusal_registry_v2_extends_v1_additively" time="0.000" /><testcase classname="tests.invariants.test_phase_5_stage_b_async_delivery" name="test_no_caller_cancelled_code_in_any_registry" time="0.000" /><testcase classname="tests.invariants.test_phase_5_stage_b_async_delivery" name="test_no_async_queue_saturated_code_in_any_registry" time="0.000" /><testcase classname="tests.invariants.test_phase_5_stage_b_async_delivery" name="test_queue_overflow_raises_503_not_refusal" time="0.003" /><testcase classname="tests.invariants.test_phase_5_stage_b_async_delivery" name="test_state_machine_five_states_declared" time="0.000" /><testcase classname="tests.invariants.test_phase_5_stage_b_async_delivery" name="test_state_machine_no_transition_from_terminal" time="0.000" /><testcase classname="tests.invariants.test_phase_5_stage_b_async_delivery" name="test_async_delivery_accepted_v0_contract_snapshot_matches" time="0.001" /><testcase classname="tests.invariants.test_phase_5_stage_b_async_delivery" name="test_northena_ledger_v1_contract_snapshot_matches" time="0.001" /><testcase classname="tests.invariants.test_phase_5_stage_b_async_delivery" name="test_northena_ledger_v1_supersets_v0" time="0.000" /><testcase classname="tests.invariants.test_phase_5_stage_b_async_delivery" name="test_canonical_request_hash_excludes_idempotency_key" time="0.000" /><testcase classname="tests.invariants.test_phase_5_stage_b_async_delivery" name="test_canonical_request_hash_deterministic_across_dict_order" time="0.000" /><testcase classname="tests.invariants.test_phase_6_stage_b_economics" name="test_quote_envelope_frozen_at_v0" time="0.001" /><testcase classname="tests.invariants.test_phase_6_stage_b_economics" name="test_price_model_version_stamps_every_quote" time="0.001" /><testcase classname="tests.invariants.test_phase_6_stage_b_economics" name="test_pricing_tier_not_a_literal" time="0.001" /><testcase classname="tests.invariants.test_phase_6_stage_b_economics" name="test_pricing_tier_registry_extension_via_bump_not_literal_widening" time="0.000" /><testcase classname="tests.invariants.test_phase_6_stage_b_economics" name="test_fleet_policy_apportionment_sums_to_one" time="0.000" /><testcase classname="tests.invariants.test_phase_6_stage_b_economics" name="test_exploratory_tier_is_time_boxed" time="0.000" /><testcase classname="tests.invariants.test_phase_6_stage_b_economics" name="test_quote_instrumentation_never_contradicts_primary_field" time="0.000" /><testcase classname="tests.invariants.test_phase_6_stage_b_economics" name="test_delivery_time_never_reports_gpu_numbers_on_buyer_surface" time="0.001" /><testcase classname="tests.invariants.test_phase_6_stage_b_economics" name="test_queue_saturation_returns_503_not_refusal" time="0.000" /><testcase classname="tests.invariants.test_phase_6_stage_b_economics" name="test_fleet_capacity_governance_refusal_uses_admission_refusal_v0" time="0.000" /><testcase classname="tests.invariants.test_phase_6_stage_b_economics" name="test_config_expiry_governance_refusal" time="0.000" /><testcase classname="tests.invariants.test_phase_6_stage_b_economics" name="test_async_delivery_accepted_v1_supersets_v0" time="0.000" /><testcase classname="tests.invariants.test_phase_6_stage_b_economics" name="test_delivery_time_has_exactly_two_bands" time="0.001" /><testcase classname="tests.invariants.test_phase_6_stage_b_economics" name="test_admission_refusal_v3_extends_v2_additively" time="0.000" /><testcase classname="tests.invariants.test_phase_6_stage_b_economics" name="test_master_admin_gated_pricing_writes" time="0.233" /><testcase classname="tests.invariants.test_phase_6_stage_b_economics" name="test_no_arbitration_beyond_apportionment_in_fleet_policy_json" time="0.000" /><testcase classname="tests.invariants.test_phase_6_stage_b_economics" name="test_hazard_stop_notes_in_all_economics_modules[delivery_time.py]" time="0.000" /><testcase classname="tests.invariants.test_phase_6_stage_b_economics" name="test_hazard_stop_notes_in_all_economics_modules[fleet_policy.py]" time="0.000" /><testcase classname="tests.invariants.test_phase_6_stage_b_economics" name="test_hazard_stop_notes_in_all_economics_modules[instrumentation.py]" time="0.000" /><testcase classname="tests.invariants.test_phase_6_stage_b_economics" name="test_hazard_stop_notes_in_all_economics_modules[price_model.py]" time="0.000" /><testcase classname="tests.invariants.test_phase_6_stage_b_economics" name="test_hazard_stop_notes_in_all_economics_modules[quote_service.py]" time="0.000" /><testcase classname="tests.invariants.test_phase_6_stage_b_economics" name="test_hazard_stop_notes_in_all_economics_modules[expiry.py]" time="0.000" /><testcase classname="tests.invariants.test_phase_6_stage_b_economics" name="test_form_not_quotable_returns_form_not_offerable" time="0.000" /><testcase classname="tests.invariants.test_phase_6_stage_b_economics" name="test_pricing_read_endpoints_live" time="0.001" /><testcase classname="tests.invariants.test_phase_7_stage_b_1_wizard" name="test_committed_value_v0_source_tag_invariant_neither_ref_set_raises" time="0.000" /><testcase classname="tests.invariants.test_phase_7_stage_b_1_wizard" name="test_committed_value_v0_source_tag_invariant_both_refs_set_raises" time="0.000" /><testcase classname="tests.invariants.test_phase_7_stage_b_1_wizard" name="test_committed_value_v0_operator_supplied_requires_operator_turn_ref" time="0.000" /><testcase classname="tests.invariants.test_phase_7_stage_b_1_wizard" name="test_committed_value_v0_agent_assumed_requires_agent_assumption_id" time="0.000" /><testcase classname="tests.invariants.test_phase_7_stage_b_1_wizard" name="test_wizard_commit_state_v0_freeze_refuses_agent_assumed_on_operator_mandatory_field" time="0.000" /><testcase classname="tests.invariants.test_phase_7_stage_b_1_wizard" name="test_wizard_commit_state_v0_freeze_refuses_missing_operator_mandatory_field" time="0.000" /><testcase classname="tests.invariants.test_phase_7_stage_b_1_wizard" name="test_wizard_commit_state_v0_freeze_refuses_orphaned_agent_assumption_ref" time="0.000" /><testcase classname="tests.invariants.test_phase_7_stage_b_1_wizard" name="test_wizard_commit_state_v0_freeze_passes_when_all_guards_satisfied" time="0.000" /><testcase classname="tests.invariants.test_phase_7_stage_b_1_wizard" name="test_wizard_commit_state_v0_mid_session_permits_intermediate_content" time="0.000" /><testcase classname="tests.invariants.test_phase_7_stage_b_1_wizard" name="test_wizard_commit_state_v0_contract_frozen" time="0.003" /><testcase classname="tests.invariants.test_phase_7_stage_b_1_wizard" name="test_wizard_operator_turn_v0_contract_frozen" time="0.001" /><testcase classname="tests.invariants.test_phase_7_stage_b_1_wizard" name="test_wizard_agent_assumption_v0_contract_frozen" time="0.001" /><testcase classname="tests.invariants.test_phase_7_stage_b_1_wizard" name="test_wizard_committed_value_v0_contract_frozen" time="0.001" /><testcase classname="tests.invariants.test_phase_7_stage_b_1_wizard" name="test_ask_vs_propose_committed_mandatory_fields_all_operator_supplied[envelope.budget]" time="0.000" /><testcase classname="tests.invariants.test_phase_7_stage_b_1_wizard" name="test_ask_vs_propose_committed_mandatory_fields_all_operator_supplied[envelope.done_condition]" time="0.000" /><testcase classname="tests.invariants.test_phase_7_stage_b_1_wizard" name="test_ask_vs_propose_committed_mandatory_fields_all_operator_supplied[envelope.lawful_basis]" time="0.000" /><testcase classname="tests.invariants.test_phase_7_stage_b_1_wizard" name="test_ask_vs_propose_committed_mandatory_fields_all_operator_supplied[output.consumer]" time="0.000" /><testcase classname="tests.invariants.test_phase_7_stage_b_1_wizard" name="test_ask_vs_propose_committed_mandatory_fields_all_operator_supplied[output.form]" time="0.000" /><testcase classname="tests.invariants.test_phase_7_stage_b_1_wizard" name="test_ask_vs_propose_committed_mandatory_fields_all_operator_supplied[output.grain]" time="0.000" /><testcase classname="tests.invariants.test_phase_7_stage_b_1_wizard" name="test_ask_vs_propose_committed_mandatory_fields_all_operator_supplied[output.standard]" time="0.000" /><testcase classname="tests.invariants.test_phase_7_stage_b_1_wizard" name="test_ask_vs_propose_committed_mandatory_fields_all_operator_supplied[reach]" time="0.000" /><testcase classname="tests.invariants.test_phase_7_stage_b_1_wizard" name="test_operator_variant_agent_never_proposes_on_mandatory_fields" time="0.000" /><testcase classname="tests.invariants.test_phase_7_stage_b_1_wizard" name="test_every_wizard_turn_carries_feasibility_snapshot_ref" time="0.000" /><testcase classname="tests.invariants.test_phase_7_stage_b_1_wizard" name="test_wizard_feasibility_grounding_uses_shared_derivation_only" time="0.001" /><testcase classname="tests.invariants.test_phase_7_stage_b_1_wizard" name="test_no_second_llm_judge_in_wizard_pipeline" time="0.002" /><testcase classname="tests.invariants.test_phase_7_stage_b_1_wizard" name="test_license_class_at_selection_equals_license_class_in_frozen_wizard_state" time="0.001" /><testcase classname="tests.invariants.test_phase_7_stage_b_1_wizard" name="test_license_class_mid_session_wizard_state_routes_to_fallback" time="0.000" /><testcase classname="tests.invariants.test_phase_7_stage_b_1_wizard" name="test_license_class_fallback_arm_unchanged_when_no_explicit_value" time="0.000" /><testcase classname="tests.invariants.test_phase_7_stage_b_1_wizard" name="test_license_class_primary_arm_none_license_class_routes_to_fallback" time="0.000" /><testcase classname="tests.invariants.test_phase_7_stage_b_1_wizard" name="test_license_class_docstring_still_documents_phase_7_seam" time="0.000" /><testcase classname="tests.invariants.test_phase_7_stage_b_1_wizard" name="test_provenance_preservation_impossible_refuses_during_shaping" time="0.000" /><testcase classname="tests.invariants.test_phase_7_stage_b_1_wizard" name="test_provenance_preservation_uses_single_source_derivation" time="0.017" /><testcase classname="tests.invariants.test_phase_7_stage_b_1_wizard" name="test_turn_ledger_stamp_audit_sidecar_carries_wizard_transcript_data_class" time="0.003" /><testcase classname="tests.invariants.test_phase_7_stage_b_1_wizard" name="test_no_caller_cancelled_or_async_queue_saturated_code_anywhere" time="0.000" /><testcase classname="tests.invariants.test_phase_7_stage_b_1_wizard" name="test_wizard_operator_session_endpoint_returns_ids" time="0.001" /><testcase classname="tests.invariants.test_phase_7_stage_b_1_wizard" name="test_wizard_operator_turn_endpoint_appends_operator_turn_with_snapshot_ref" time="0.002" /><testcase classname="tests.invariants.test_phase_7_stage_b_1_wizard" name="test_wizard_operator_freeze_endpoint_refuses_on_missing_mandatory" time="0.002" /><testcase classname="tests.invariants.test_phase_7_stage_b_2_wizard" name="test_agent_assumption_endpoint_refuses_on_mandatory_tier_operator_variant[envelope.budget]" time="0.000" /><testcase classname="tests.invariants.test_phase_7_stage_b_2_wizard" name="test_agent_assumption_endpoint_refuses_on_mandatory_tier_operator_variant[envelope.done_condition]" time="0.000" /><testcase classname="tests.invari
[...]
t_manifest" name="test_manifest_entry_resolves[backend/services/synisense/shield/trust_receipt.py]" time="0.000" /><testcase classname="tests.test_lift_manifest" name="test_manifest_entry_resolves[backend/services/synisense/shield/perception_router.py]" time="0.000" /><testcase classname="tests.test_lift_manifest" name="test_manifest_entry_resolves[backend/contracts/five_rings.py]" time="0.000" /><testcase classname="tests.test_lift_manifest" name="test_manifest_entry_resolves[backend/contracts/objective_request.py]" time="0.000" /><testcase classname="tests.test_lift_manifest" name="test_manifest_entry_resolves[backend/contracts/qualification_matrix/loader.py]" time="0.000" /><testcase classname="tests.test_lift_manifest" name="test_manifest_entry_resolves[backend/contracts/signal_ring.py]" time="0.000" /><testcase classname="tests.test_lift_manifest" name="test_manifest_entry_resolves[backend/contracts/extraction_params.py]" time="0.000" /><testcase classname="tests.test_lift_manifest" name="test_manifest_entry_resolves[backend/contracts/northena_ledger.py]" time="0.000" /><testcase classname="tests.test_lift_manifest" name="test_manifest_entry_resolves[backend/services/layer_a/dispatcher.py]" time="0.000" /><testcase classname="tests.test_lift_manifest" name="test_manifest_entry_resolves[backend/services/layer_a/handlers/text.py]" time="0.000" /><testcase classname="tests.test_lift_manifest" name="test_manifest_entry_resolves[backend/services/layer_a/handlers/image.py]" time="0.000" /><testcase classname="tests.test_lift_manifest" name="test_manifest_entry_resolves[backend/services/layer_a/handlers/audio.py]" time="0.000" /><testcase classname="tests.test_lift_manifest" name="test_manifest_entry_resolves[backend/services/layer_a/handlers/video.py]" time="0.000" /><testcase classname="tests.test_lift_manifest" name="test_manifest_entry_resolves[backend/services/layer_a/handlers/transcript.py]" time="0.000" /><testcase classname="tests.test_lift_manifest" name="test_manifest_entry_resolves[backend/services/layer_b/factory.py]" time="0.000" /><testcase classname="tests.test_lift_manifest" name="test_manifest_entry_resolves[backend/services/layer_b/contracts.py]" time="0.000" /><testcase classname="tests.test_lift_manifest" name="test_manifest_entry_resolves[backend/services/layer_b/vision/frame_perception_provider.py]" time="0.000" /><testcase classname="tests.test_lift_manifest" name="test_manifest_entry_resolves[backend/services/layer_c/aggregator.py]" time="0.000" /><testcase classname="tests.test_lift_manifest" name="test_manifest_entry_resolves[backend/services/v1_harness/harness.py]" time="0.000" /><testcase classname="tests.test_lift_manifest" name="test_manifest_entry_resolves[backend/services/v1_harness/types.py]" time="0.000" /><testcase classname="tests.test_lift_manifest" name="test_manifest_entry_resolves[backend/services/g1_defensibility/genre_classifier.py]" time="0.000" /><testcase classname="tests.test_lift_manifest" name="test_manifest_entry_resolves[backend/services/g1_defensibility/ring5_stamper.py]" time="0.000" /><testcase classname="tests.test_lift_manifest" name="test_manifest_entry_resolves[backend/services/g1_defensibility/solva_depth/integrity_validators.py]" time="0.000" /><testcase classname="tests.test_lift_manifest" name="test_manifest_entry_resolves[backend/services/g1_defensibility/solva_depth/refusal.py]" time="0.000" /><testcase classname="tests.test_lift_manifest" name="test_manifest_entry_resolves[backend/services/g1_defensibility/solva_depth/governor.py]" time="0.000" /><testcase classname="tests.test_lift_manifest" name="test_manifest_entry_resolves[backend/services/g1_defensibility/source_standing_reader.py]" time="0.000" /><testcase classname="tests.test_lift_manifest" name="test_manifest_entry_resolves[backend/services/g1_defensibility/stamp_audit.py]" time="0.000" /><testcase classname="tests.test_lift_manifest" name="test_manifest_entry_resolves[backend/services/v3_harness/harness.py]" time="0.000" /><testcase classname="tests.test_lift_manifest" name="test_manifest_entry_resolves[backend/services/northena/admit.py]" time="0.000" /><testcase classname="tests.test_lift_manifest" name="test_manifest_entry_resolves[backend/services/northena/gate.py]" time="0.000" /><testcase classname="tests.test_lift_manifest" name="test_manifest_entry_resolves[backend/services/northena/converge.py]" time="0.000" /><testcase classname="tests.test_lift_manifest" name="test_manifest_entry_resolves[backend/services/northena/ledger.py]" time="0.000" /><testcase classname="tests.test_lift_manifest" name="test_manifest_entry_resolves[backend/services/northena/state_machine.py]" time="0.000" /><testcase classname="tests.test_lift_manifest" name="test_manifest_entry_resolves[backend/services/solva_depth/admit_assist.py]" time="0.000" /><testcase classname="tests.test_lift_manifest" name="test_manifest_entry_resolves[backend/routers/northena.py]" time="0.000" /><testcase classname="tests.test_lift_manifest" name="test_manifest_entry_resolves[backend/services/data_source/synthetic_assets/instance_fixture_a/fixture.json]" time="0.000" /><testcase classname="tests.test_lift_manifest" name="test_manifest_entry_resolves[backend/tests/test_instance_fixture_a_roundtrip.py]" time="0.000" /><testcase classname="tests.test_lift_manifest" name="test_manifest_entry_resolves[docs/audits/solva_conformance_v1.md]" time="0.000" /><testcase classname="tests.test_lift_manifest" name="test_manifest_entry_resolves[docs/g3_prep/solva_prep.md]" time="0.000" /><testcase classname="tests.test_lift_manifest" name="test_manifest_entry_resolves[docs/audits/northena_conformance_v1.md]" time="0.000" /><testcase classname="tests.test_lift_manifest" name="test_manifest_entry_resolves[docs/g4_prep/targeta_prep.md]" time="0.000" /><testcase classname="tests.test_lift_manifest" name="test_manifest_entry_resolves[docs/g4_prep/mtafiti_prep.md]" time="0.000" /><testcase classname="tests.test_lift_manifest" name="test_manifest_entry_resolves[docs/g4_prep/OPEN_GOVERNANCE.md]" time="0.000" /><testcase classname="tests.test_lift_manifest" name="test_manifest_entry_resolves[backend/services/solva_depth/assertion.py]" time="0.000" /><testcase classname="tests.test_lift_manifest" name="test_manifest_entry_resolves[backend/services/solva_depth/enforce.py]" time="0.000" /><testcase classname="tests.test_lift_manifest" name="test_manifest_entry_resolves[backend/services/solva_depth/interfaces.py]" time="0.000" /><testcase classname="tests.test_lift_manifest" name="test_manifest_entry_resolves[backend/services/solva_depth/load_bearing.py]" time="0.001" /><testcase classname="tests.test_lift_manifest" name="test_manifest_entry_resolves[backend/services/solva_depth/pipeline.py]" time="0.000" /><testcase classname="tests.test_lift_manifest" name="test_manifest_entry_resolves[backend/services/solva_depth/stamp.py]" time="0.000" /><testcase classname="tests.test_lift_manifest" name="test_manifest_entry_resolves[backend/services/solva_depth/trace.py]" time="0.000" /><testcase classname="tests.test_lift_manifest" name="test_manifest_entry_resolves[backend/services/solva_depth/reasoning/__init__.py]" time="0.000" /><testcase classname="tests.test_lift_manifest" name="test_manifest_entry_resolves[backend/services/solva_depth/reasoning/frame.py]" time="0.000" /><testcase classname="tests.test_lift_manifest" name="test_manifest_entry_resolves[backend/services/solva_depth/reasoning/candidate.py]" time="0.000" /><testcase classname="tests.test_lift_manifest" name="test_manifest_entry_resolves[backend/services/solva_depth/reasoning/tension.py]" time="0.000" /><testcase classname="tests.test_lift_manifest" name="test_manifest_entry_resolves[backend/services/solva_depth/reasoning/probability.py]" time="0.000" /><testcase classname="tests.test_lift_manifest" name="test_manifest_entry_resolves[backend/services/solva_depth/reasoning/reflection.py]" time="0.000" /><testcase classname="tests.test_lift_manifest" name="test_manifest_entry_resolves[backend/services/layer_c/convergence.py]" time="0.000" /><testcase classname="tests.test_lift_manifest" name="test_manifest_entry_resolves[backend/routers/solva.py]" time="0.000" /><testcase classname="tests.test_lift_manifest" name="test_manifest_entry_resolves[backend/contracts/mtafiti_registry.py]" time="0.000" /><testcase classname="tests.test_lift_manifest" name="test_manifest_entry_resolves[backend/contracts/targeta_plan.py]" time="0.000" /><testcase classname="tests.test_lift_manifest" name="test_manifest_entry_resolves[backend/services/mtafiti/__init__.py]" time="0.000" /><testcase classname="tests.test_lift_manifest" name="test_manifest_entry_resolves[backend/services/mtafiti/census.py]" time="0.000" /><testcase classname="tests.test_lift_manifest" name="test_manifest_entry_resolves[backend/services/mtafiti/declaration.py]" time="0.000" /><testcase classname="tests.test_lift_manifest" name="test_manifest_entry_resolves[backend/services/mtafiti/inference.py]" time="0.000" /><testcase classname="tests.test_lift_manifest" name="test_manifest_entry_resolves[backend/services/mtafiti/measure.py]" time="0.000" /><testcase classname="tests.test_lift_manifest" name="test_manifest_entry_resolves[backend/services/mtafiti/verdict.py]" time="0.000" /><testcase classname="tests.test_lift_manifest" name="test_manifest_entry_resolves[backend/services/mtafiti/registry.py]" time="0.000" /><testcase classname="tests.test_lift_manifest" name="test_manifest_entry_resolves[backend/services/mtafiti/source_standing.py]" time="0.000" /><testcase classname="tests.test_lift_manifest" name="test_manifest_entry_resolves[backend/services/mtafiti/v3_overlay.py]" time="0.000" /><testcase classname="tests.test_lift_manifest" name="test_manifest_entry_resolves[backend/services/targeta/__init__.py]" time="0.000" /><testcase classname="tests.test_lift_manifest" name="test_manifest_entry_resolves[backend/services/targeta/interface.py]" time="0.000" /><testcase classname="tests.test_lift_manifest" name="test_manifest_entry_resolves[backend/services/targeta/core.py]" time="0.000" /><testcase classname="tests.test_lift_manifest" name="test_manifest_entry_resolves[backend/services/targeta/yield_layer.py]" time="0.000" /><testcase classname="tests.test_lift_manifest" name="test_manifest_entry_resolves[backend/services/targeta/gate.py]" time="0.000" /><testcase classname="tests.test_lift_manifest" name="test_manifest_entry_resolves[backend/services/targeta/plan.py]" time="0.000" /><testcase classname="tests.test_lift_manifest" name="test_manifest_entry_resolves[backend/services/service_1/__init__.py]" time="0.000" /><testcase classname="tests.test_lift_manifest" name="test_manifest_entry_resolves[backend/services/service_1/service.py]" time="0.000" /><testcase classname="tests.test_lift_manifest" name="test_manifest_entry_resolves[backend/routers/service_1.py]" time="0.000" /><testcase classname="tests.test_lift_manifest" name="test_manifest_entry_resolves[backend/tests/conftest.py]" time="0.000" /><testcase classname="tests.test_lift_manifest" name="test_manifest_entry_resolves[backend/contracts/trace_lens.py]" time="0.000" /><testcase classname="tests.test_lift_manifest" name="test_manifest_entry_resolves[backend/contracts/lift_manifest_response.py]" time="0.000" /><testcase classname="tests.test_lift_manifest" name="test_manifest_entry_resolves[backend/services/northena/trace_lens.py]" time="0.000" /><testcase classname="tests.test_lift_manifest" name="test_manifest_entry_resolves[backend/routers/discipline.py]" time="0.000" /><testcase classname="tests.test_lift_manifest" name="test_manifest_entry_resolves[backend/tests/invariants/test_trace_lens_readonly.py]" time="0.000" /><testcase classname="tests.test_lift_manifest" name="test_manifest_entry_resolves[backend/tests/invariants/test_trace_lens_cross_engine_correlation.py]" time="0.000" /><testcase classname="tests.test_lift_manifest" name="test_manifest_entry_resolves[backend/contracts/outer_gate_receipt.py]" time="0.000" /><testcase classname="tests.test_lift_manifest" name="test_manifest_entry_resolves[backend/contracts/v2_refusal.py]" time="0.000" /><testcase classname="tests.test_lift_manifest" name="test_manifest_entry_resolves[backend/contracts/cumulative_disclosure.py]" time="0.000" /><testcase classname="tests.test_lift_manifest" name="test_manifest_entry_resolves[backend/services/outer_gate/mint.py]" time="0.000" /><testcase classname="tests.test_lift_manifest" name="test_manifest_entry_resolves[backend/services/outer_gate/transform.py]" time="0.000" /><testcase classname="tests.test_lift_manifest" name="test_manifest_entry_resolves[backend/services/outer_gate/receipt.py]" time="0.000" /><testcase classname="tests.test_lift_manifest" name="test_manifest_entry_resolves[backend/services/v2_gate/refusal.py]" time="0.000" /><testcase classname="tests.test_lift_manifest" name="test_manifest_entry_resolves[backend/services/v2_gate/cumulative.py]" time="0.000" /><testcase classname="tests.test_lift_manifest" name="test_manifest_entry_resolves[backend/tests/invariants/test_outer_gate_irreversibility.py]" time="0.000" /><testcase classname="tests.test_lift_manifest" name="test_manifest_entry_resolves[backend/tests/invariants/test_v2_gate_refusal_cumulative.py]" time="0.000" /><testcase classname="tests.test_lift_manifest" name="test_manifest_entry_resolves[backend/tests/invariants/test_ledger_absorbs_outer_gate_and_v2_via_stamp_audit.py]" time="0.000" /><testcase classname="tests.test_lift_manifest" name="test_manifest_entry_resolves[backend/contracts/service_1_refusal.py]" time="0.000" /><testcase classname="tests.test_lift_manifest" name="test_manifest_entry_resolves[backend/services/service_1/refusal_hints.py]" time="0.000" /><testcase classname="tests.test_lift_manifest" name="test_manifest_entry_resolves[backend/tests/invariants/test_service_1_refusal_envelope.py]" time="0.000" /><testcase classname="tests.test_lift_manifest" name="test_manifest_entry_resolves[backend/tests/invariants/service_1_refusal.contract_snapshot.json]" time="0.000" /><testcase classname="tests.test_lift_manifest" name="test_manifest_entry_resolves[frontend/src/apiClient.js]" time="0.000" /><testcase classname="tests.test_lift_manifest" name="test_manifest_entry_resolves[frontend/src/components/RefusalCard.js]" time="0.000" /><testcase classname="tests.test_lift_manifest" name="test_manifest_entry_resolves[frontend/src/components/OuterGateReceiptInline.js]" time="0.000" /><testcase classname="tests.test_lift_manifest" name="test_manifest_entry_resolves[frontend/src/components/TrustReceiptLink.js]" time="0.000" /><testcase classname="tests.test_lift_manifest" name="test_manifest_entry_resolves[frontend/src/__tests__/ui_spec_v1/gate1_class_inseparable.test.js]" time="0.000" /><testcase classname="tests.test_lift_manifest" name="test_manifest_entry_resolves[frontend/src/__tests__/ui_spec_v1/gate2_refusal_firstclass.test.js]" time="0.000" /><testcase classname="tests.test_lift_manifest" name="test_manifest_entry_resolves[frontend/src/__tests__/ui_spec_v1/gate3_single_ingress.test.js]" time="0.000" /><testcase classname="tests.test_lift_manifest" name="test_manifest_top_level_shape" time="0.000" /><testcase classname="tests.test_lift_manifest" name="test_no_duplicate_module_entries" time="0.000" /><testcase classname="tests.test_lift_manifest" name="test_substrate_state_matches_reality" time="0.000" /><testcase classname="tests.test_memory_http_surface" name="test_admin_login_returns_jwt" time="0.469" /><testcase classname="tests.test_memory_http_surface" name="test_readyz_parity_34" time="0.110" /><testcase classname="tests.test_memory_http_surface" name="test_build_info_parity_34" time="0.106" /><testcase classname="tests.test_memory_http_surface" name="test_openapi_has_memory_paths" time="0.123" /><testcase classname="tests.test_memory_http_surface" name="test_plane_issue_shape" time="0.159" /><testcase classname="tests.test_memory_http_surface" name="test_get_plane_matches" time="0.097" /><testcase classname="tests.test_memory_http_surface" name="test_unauth_get_plane_401_no_outcome" time="0.093" /><testcase classname="tests.test_memory_http_surface" name="test_plane_not_found_governed" time="0.108" /><testcase classname="tests.test_memory_http_surface" name="test_contribute_happy" time="0.094" /><testcase classname="tests.test_memory_http_surface" name="test_contribute_class_cap_refused" time="0.102" /><testcase classname="tests.test_memory_http_surface" name="test_contribute_rights_forbid_refused" time="0.101" /><testcase classname="tests.test_memory_http_surface" name="test_contribute_shape_invalid" time="0.094" /><testcase classname="tests.test_memory_http_surface" name="test_publish_fail_loud_unset_threshold" time="0.234" /><testcase classname="tests.test_memory_http_surface" name="test_revoke_and_idempotency_and_freeze" time="0.632" /><testcase classname="tests.test_no_direct_llm_calls_outside_shield" name="test_no_direct_llm_calls_outside_shield" time="0.219" /><testcase classname="tests.test_northena_invariants" name="test_N_INV_1a_northena_no_ml_imports" time="0.001" /><testcase classname="tests.test_northena_invariants" name="test_N_INV_1b_northena_no_inference_behaviour" time="0.005" /><testcase classname="tests.test_northena_invariants" name="test_N_INV_2_admit_requires_lawful_basis" time="0.001" /><testcase classname="tests.test_northena_invariants" name="test_N_INV_4_frozen_artifact_immutable" time="0.000" /><testcase classname="tests.test_northena_invariants" name="test_N_INV_5_gate_strict_set_membership" time="0.000" /><testcase classname="tests.test_northena_invariants" name="test_N_INV_6_northena_owns_halt" time="0.000" /><testcase classname="tests.test_northena_invariants" name="test_N_INV_7_open_runs_visible" time="0.000" /><testcase classname="tests.test_northena_invariants" name="test_N_INV_8_ledger_is_append_only" time="0.000" /><testcase classname="tests.test_northena_invariants" name="test_N_INV_9_refusals_written" time="0.000" /><testcase classname="tests.test_northena_invariants" name="test_N_INV_10_stamp_audit_absorbed" time="0.000" /><testcase classname="tests.test_northena_invariants" name="test_N_INV_11_governors_orthogonal" time="0.001" /><testcase classname="tests.test_perception_router" name="test_transcribe_stub_emits_verifiable_receipt" time="0.000" /><testcase classname="tests.test_perception_router" name="test_perceive_image_stub_emits_verifiable_receipt" time="0.000" /><testcase classname="tests.test_smoke" name="test_openapi_reachable_under_api_prefix" time="0.004" /><testcase classname="tests.test_smoke" name="test_openapi_components_schemas_carry_frozen_contracts" time="0.003" /><testcase classname="tests.test_smoke" name="test_contracts_endpoints_return_valid_payloads" time="0.004" /><testcase classname="tests.test_smoke" name="test_health_endpoint" time="0.001" /><testcase classname="tests.test_smoke" name="test_system_state_surfaces_data_source_and_v_gates" time="0.003" /><testcase classname="tests.test_synthetic_fixture_roundtrip" name="test_fixture_has_at_least_20_units" time="0.001" /><testcase classname="tests.test_synthetic_fixture_roundtrip" name="test_fixture_all_rings_populated" time="0.001" /><testcase classname="tests.test_synthetic_fixture_roundtrip" name="test_fixture_roundtrips_through_schema" time="0.002" /><testcase classname="tests.test_synthetic_fixture_roundtrip" name="test_synthetic_fixture_is_adversarial" time="0.001" /><testcase classname="tests.test_v1_harness" name="test_harness_takes_two_named_parameters" time="0.000" /><testcase classname="tests.test_v1_harness" name="test_harness_refuses_identical_hours" time="0.000" /><testcase classname="tests.test_v1_harness" name="test_harness_returns_pending_on_synthetic_only" time="0.000" /><testcase classname="tests.test_v1_harness" name="test_harness_spike_only_mode_works" time="0.002" /></testsuite></testsuites>