<?xml version="1.0" encoding="utf-8"?><testsuites name="pytest tests"><testsuite name="pytest" errors="0" failures="0" skipped="0" tests="10" time="1.562" timestamp="2026-07-31T03:38:00.793469+00:00" hostname="agent-env-a395830c-7bb9-436c-a895-a4a731bca4de"><testcase classname="tests.live_preview.test_phase3_sc3_govern_live" name="test_1_readyz_parity_34" time="0.117" /><testcase classname="tests.live_preview.test_phase3_sc3_govern_live" name="test_2_admin_login_returns_token" time="0.404" /><testcase classname="tests.live_preview.test_phase3_sc3_govern_live" name="test_3_retention_config_shape" time="0.092" /><testcase classname="tests.live_preview.test_phase3_sc3_govern_live" name="test_4_checker_pending_dpo" time="0.095" /><testcase classname="tests.live_preview.test_phase3_sc3_govern_live" name="test_5_checker_pending_role_compliance_is_subset" time="0.199" /><testcase classname="tests.live_preview.test_phase3_sc3_govern_live" name="test_6_loosening_delta_routes_via_checker" time="0.190" /><testcase classname="tests.live_preview.test_phase3_sc3_govern_live" name="test_7_low_scope_role_gets_403_no_outcome_key" time="0.098" /><testcase classname="tests.live_preview.test_phase3_sc3_govern_live" name="test_8_refusals_coverage_shape" time="0.097" /><testcase classname="tests.live_preview.test_phase3_sc3_govern_live" name="test_9_refusals_malformed_month" time="0.106" /><testcase classname="tests.live_preview.test_phase3_sc3_govern_live" name="test_10_refusals_honest_empty_month" time="0.095" /></testsuite></testsuites>