<?xml version="1.0" encoding="utf-8"?><testsuites name="pytest tests"><testsuite name="pytest" errors="0" failures="1" skipped="0" tests="8" time="1.721" timestamp="2026-08-01T00:17:26.014539+00:00" hostname="agent-env-a395830c-7bb9-436c-a895-a4a731bca4de"><testcase classname="tests.ui1c_live_preview_test" name="test_readyz_parity_36" time="0.155" /><testcase classname="tests.ui1c_live_preview_test" name="test_connect_landing_five_sections" time="0.427" /><testcase classname="tests.ui1c_live_preview_test" name="test_ceiling_single_source_of_truth" time="0.197" /><testcase classname="tests.ui1c_live_preview_test" name="test_direct_write_rule7_refuses" time="0.098" /><testcase classname="tests.ui1c_live_preview_test" name="test_sources_four_states" time="0.141" /><testcase classname="tests.ui1c_live_preview_test" name="test_analyst_cannot_add_source" time="0.422" /><testcase classname="tests.ui1c_live_preview_test" name="test_analyst_can_read_landing" time="0.099" /><testcase classname="tests.ui1c_live_preview_test" name="test_setup_declare_registry" time="0.100"><failure message="AssertionError: {&quot;detail&quot;:[{&quot;type&quot;:&quot;missing&quot;,&quot;loc&quot;:[&quot;body&quot;,&quot;registry_name&quot;],&quot;msg&quot;:&quot;Field required&quot;,&quot;input&quot;:{&quot;name&quot;:&quot;ui1c_test_1785543447&quot;,&quot;schema_class&quot;:&quot;redact&quot;},&quot;url&quot;:&quot;https://errors.pydantic.dev/2.9/v/missing&quot;},{&quot;type&quot;:&quot;extra_forbidden&quot;,&quot;loc&quot;:[&quot;body&quot;,&quot;name&quot;],&quot;msg&quot;:&quot;Extra inputs are not permitted&quot;,&quot;input&quot;:&quot;ui1c_test_1785543447&quot;,&quot;url&quot;:&quot;https://errors.pydantic.dev/2.9/v/extra_forbidden&quot;}]}&#10;assert 422 in (200, 201)&#10; +  where 422 = &lt;Response [422]&gt;.status_code">tests/ui1c_live_preview_test.py:113: in test_setup_declare_registry
    assert r.status_code in (200, 201), r.text
E   AssertionError: {"detail":[{"type":"missing","loc":["body","registry_name"],"msg":"Field required","input":{"name":"ui1c_test_1785543447","schema_class":"redact"},"url":"https://errors.pydantic.dev/2.9/v/missing"},{"type":"extra_forbidden","loc":["body","name"],"msg":"Extra inputs are not permitted","input":"ui1c_test_1785543447","url":"https://errors.pydantic.dev/2.9/v/extra_forbidden"}]}
E   assert 422 in (200, 201)
E    +  where 422 = &lt;Response [422]&gt;.status_code</failure></testcase></testsuite></testsuites>