<?xml version="1.0" encoding="utf-8"?><testsuites name="pytest tests"><testsuite name="pytest" errors="0" failures="0" skipped="0" tests="11" time="2.915" timestamp="2026-08-01T00:16:54.288815+00:00" hostname="agent-env-a395830c-7bb9-436c-a895-a4a731bca4de"><testcase classname="tests.invariants.test_connect_ui1c_gates" name="test_c_b1_landing_returns_five_sections_and_canon_ref" time="0.237" /><testcase classname="tests.invariants.test_connect_ui1c_gates" name="test_c_b2_seven_rules_enumerated_with_rule_7_ceiling_1000_by_default" time="0.225" /><testcase classname="tests.invariants.test_connect_ui1c_gates" name="test_c_b3_direct_write_ceiling_refuses_via_governed_envelope" time="0.225" /><testcase classname="tests.invariants.test_connect_ui1c_gates" name="test_c_b4_direct_write_ceiling_via_use_data_ceiling_also_refuses" time="0.225" /><testcase classname="tests.invariants.test_connect_ui1c_gates" name="test_c_b5_ceiling_read_from_single_source_of_truth" time="0.452" /><testcase classname="tests.invariants.test_connect_ui1c_gates" name="test_c_b6_source_state_grammar_all_four_seeded_per_identity" time="0.226" /><testcase classname="tests.invariants.test_connect_ui1c_gates" name="test_c_b7_declared_registries_reflect_empty_state_from_govern" time="0.225" /><testcase classname="tests.invariants.test_connect_ui1c_gates" name="test_c_b8_instance_config_defaults_marker_present" time="0.001" /><testcase classname="tests.invariants.test_connect_ui1c_gates" name="test_c_b9_parity_36_unchanged" time="0.001" /><testcase classname="tests.invariants.test_connect_ui1c_gates" name="test_c_b10_add_source_role_gate_master_admin_only" time="0.224" /><testcase classname="tests.invariants.test_connect_ui1c_gates" name="test_c_b11_landing_banner_carries_default_markers_until_confirmed" time="0.227" /></testsuite></testsuites>