<?xml version="1.0" encoding="utf-8"?><testsuites name="pytest tests"><testsuite name="pytest" errors="0" failures="0" skipped="0" tests="11" time="1.853" timestamp="2026-08-01T01:27:56.020763+00:00" hostname="agent-env-a395830c-7bb9-436c-a895-a4a731bca4de"><testcase classname="tests.test_ui1d_live_preview" name="test_live_parity_36" time="0.098" /><testcase classname="tests.test_ui1d_live_preview" name="test_live_registry_what_you_hold_four_axes" time="0.440" /><testcase classname="tests.test_ui1d_live_preview" name="test_live_registry_holdings_measured_unmeasured" time="0.095" /><testcase classname="tests.test_ui1d_live_preview" name="test_live_briefs_put_this_to_work_cta" time="0.099" /><testcase classname="tests.test_ui1d_live_preview" name="test_live_gaps_queue_this_gap_cta" time="0.127" /><testcase classname="tests.test_ui1d_live_preview" name="test_live_queue_gap_idempotent" time="0.335" /><testcase classname="tests.test_ui1d_live_preview" name="test_live_prove_answered_shape" time="0.093" /><testcase classname="tests.test_ui1d_live_preview" name="test_live_prove_not_extracted_yet_offers_queue" time="0.108" /><testcase classname="tests.test_ui1d_live_preview" name="test_live_prove_evidence_cannot_support_no_queue" time="0.104" /><testcase classname="tests.test_ui1d_live_preview" name="test_live_prove_something_broke_never_refusal" time="0.101" /><testcase classname="tests.test_ui1d_live_preview" name="test_live_prove_trace_three_layers" time="0.193" /></testsuite></testsuites>