<?xml version="1.0" encoding="utf-8"?><testsuites name="pytest tests"><testsuite name="pytest" errors="0" failures="0" skipped="0" tests="9" time="2.339" timestamp="2026-08-01T02:12:00.863020+00:00" hostname="agent-env-a395830c-7bb9-436c-a895-a4a731bca4de"><testcase classname="tests.test_ui1d_iter22_live" name="test_readyz_parity" time="0.137" /><testcase classname="tests.test_ui1d_iter22_live" name="test_prove_samples_returns_four_shapes" time="0.420" /><testcase classname="tests.test_ui1d_iter22_live" name="test_prove_samples_trace_ids_all_resolve" time="0.505" /><testcase classname="tests.test_ui1d_iter22_live" name="test_prove_ask_without_auth_returns_401_or_403_with_reason" time="0.167" /><testcase classname="tests.test_ui1d_iter22_live" name="test_prove_samples_cross_identity_operator" time="0.419" /><testcase classname="tests.test_ui1d_iter22_live" name="test_prove_ask_answered_shape" time="0.109" /><testcase classname="tests.test_ui1d_iter22_live" name="test_prove_ask_never_seen_returns_not_extracted_yet" time="0.328" /><testcase classname="tests.test_ui1d_iter22_live" name="test_prove_ask_evidence_cannot_support" time="0.098" /><testcase classname="tests.test_ui1d_iter22_live" name="test_prove_ask_something_broke" time="0.095" /></testsuite></testsuites>