<?xml version="1.0" encoding="utf-8"?><testsuites name="pytest tests"><testsuite name="pytest" errors="0" failures="0" skipped="0" tests="12" time="3.169" timestamp="2026-08-01T02:51:33.195750+00:00" hostname="agent-env-a395830c-7bb9-436c-a895-a4a731bca4de"><testcase classname="tests.invariants.test_team_ui1e_gates" name="test_e_a1_approval_surface_returns_items_counts_and_doctrine" time="0.234" /><testcase classname="tests.invariants.test_team_ui1e_gates" name="test_e_a2_approval_surface_items_carry_grammar_and_link_across_route" time="0.228" /><testcase classname="tests.invariants.test_team_ui1e_gates" name="test_e_a3_decision_requires_verbatim_reason" time="0.226" /><testcase classname="tests.invariants.test_team_ui1e_gates" name="test_e_a4_decision_verbatim_stored_and_ledger_event_created" time="0.227" /><testcase classname="tests.invariants.test_team_ui1e_gates" name="test_e_a5_decision_persisted_and_appears_on_underlying_checker_record" time="0.227" /><testcase classname="tests.invariants.test_team_ui1e_gates" name="test_e_b1_access_register_admin_reads_all_grants_and_can_grant" time="0.231" /><testcase classname="tests.invariants.test_team_ui1e_gates" name="test_e_b2_access_register_dpo_reads_but_cannot_grant" time="0.231" /><testcase classname="tests.invariants.test_team_ui1e_gates" name="test_e_b3_dpo_break_in_grant_denied_correct_shape" time="0.224" /><testcase classname="tests.invariants.test_team_ui1e_gates" name="test_e_b4_dpo_break_in_revoke_denied_correct_shape" time="0.224" /><testcase classname="tests.invariants.test_team_ui1e_gates" name="test_e_b5_grant_revoke_end_to_end_via_team_surface" time="0.227" /><testcase classname="tests.invariants.test_team_ui1e_gates" name="test_e_c1_seats_render_two_seats_action_state_dormant_honest" time="0.225" /><testcase classname="tests.invariants.test_team_ui1e_gates" name="test_e_g1_parity_36_unchanged" time="0.002" /></testsuite></testsuites>