<?xml version="1.0" encoding="utf-8"?><testsuites name="pytest tests"><testsuite name="pytest" errors="0" failures="0" skipped="0" tests="13" time="5.085" timestamp="2026-08-01T03:34:19.936519+00:00" hostname="agent-env-a395830c-7bb9-436c-a895-a4a731bca4de"><testcase classname="tests.test_ui1e_iter24_live" name="test_r1_engineer_key_grants_self_admin" time="0.447" /><testcase classname="tests.test_ui1e_iter24_live" name="test_r2_engineer_key_grants_by_seeded_grantee" time="0.215" /><testcase classname="tests.test_ui1e_iter24_live" name="test_p0_team_grant_engineer_single_source_roundtrip" time="0.481" /><testcase classname="tests.test_ui1e_iter24_live" name="test_p0_dpo_grant_403" time="0.436" /><testcase classname="tests.test_ui1e_iter24_live" name="test_p0_dpo_reads_register" time="0.115" /><testcase classname="tests.test_ui1e_iter24_live" name="test_p1_approval_surface_admin" time="0.129" /><testcase classname="tests.test_ui1e_iter24_live" name="test_p1_decision_verbatim_required" time="0.559" /><testcase classname="tests.test_ui1e_iter24_live" name="test_p1_parity_36" time="0.099" /><testcase classname="tests.test_ui1e_iter24_live" name="test_p1_constitutional_seats" time="0.806" /><testcase classname="tests.test_ui1e_iter24_live" name="test_p1_unauth_approval_surface_401" time="0.087" /><testcase classname="tests.test_ui1e_iter24_live" name="test_p1_unauth_access_register_401" time="0.154" /><testcase classname="tests.test_ui1e_iter24_live" name="test_p1_unauth_constitutional_seats_401" time="0.090" /><testcase classname="tests.test_ui1e_iter24_live" name="test_p1_operator_self_scope" time="1.412" /></testsuite></testsuites>